C:\Program Files (x86)\MSBuild\Microsoft.Cpp\v4.0\V140\Microsoft.CppBuild.targets(392,5): warning MSB8028: The intermediate directory (Debug\) contains files shared from another project (JogoEstrategiaPOO.vcxproj).  This can lead to incorrect clean and rebuild behavior.
  main.cpp
c:\users\dmytro yaremyshyn\desktop\qqalcmm-\jogoestrategiapoo\jogoestrategiapoo\Pirata.h(3): error C2504: 'Unidades': base class undefined
c:\users\dmytro yaremyshyn\desktop\qqalcmm-\jogoestrategiapoo\jogoestrategiapoo\Reparador.h(4): error C2504: 'Caracteristicas': base class undefined
  Xenomorfos.cpp
c:\users\dmytro yaremyshyn\desktop\qqalcmm-\jogoestrategiapoo\jogoestrategiapoo\Sala.h(15): error C2065: 'Unidades': undeclared identifier
c:\users\dmytro yaremyshyn\desktop\qqalcmm-\jogoestrategiapoo\jogoestrategiapoo\Sala.h(15): error C2059: syntax error: '>'
c:\users\dmytro yaremyshyn\desktop\qqalcmm-\jogoestrategiapoo\jogoestrategiapoo\Sala.h(15): error C2976: 'std::vector': too few template arguments
  C:\Program Files (x86)\Microsoft Visual Studio 14.0\VC\include\vector(678): note: see declaration of 'std::vector'
c:\users\dmytro yaremyshyn\desktop\qqalcmm-\jogoestrategiapoo\jogoestrategiapoo\Sala.h(19): error C2061: syntax error: identifier 'Unidades'
c:\users\dmytro yaremyshyn\desktop\qqalcmm-\jogoestrategiapoo\jogoestrategiapoo\Sala.h(22): error C2143: syntax error: missing ';' before '*'
c:\users\dmytro yaremyshyn\desktop\qqalcmm-\jogoestrategiapoo\jogoestrategiapoo\Sala.h(22): error C4430: missing type specifier - int assumed. Note: C++ does not support default-int
c:\users\dmytro yaremyshyn\desktop\qqalcmm-\jogoestrategiapoo\jogoestrategiapoo\Sala.h(22): error C2238: unexpected token(s) preceding ';'
c:\users\dmytro yaremyshyn\desktop\qqalcmm-\jogoestrategiapoo\jogoestrategiapoo\Sala.h(36): error C2065: 'Unidades': undeclared identifier
c:\users\dmytro yaremyshyn\desktop\qqalcmm-\jogoestrategiapoo\jogoestrategiapoo\Sala.h(36): error C2059: syntax error: '>'
c:\users\dmytro yaremyshyn\desktop\qqalcmm-\jogoestrategiapoo\jogoestrategiapoo\Sala.h(36): error C2976: 'std::vector': too few template arguments
  C:\Program Files (x86)\Microsoft Visual Studio 14.0\VC\include\vector(678): note: see declaration of 'std::vector'
c:\users\dmytro yaremyshyn\desktop\qqalcmm-\jogoestrategiapoo\jogoestrategiapoo\Sala.h(29): error C2512: 'std::vector': no appropriate default constructor available
  C:\Program Files (x86)\Microsoft Visual Studio 14.0\VC\include\vector(678): note: see declaration of 'std::vector'
c:\users\dmytro yaremyshyn\desktop\qqalcmm-\jogoestrategiapoo\jogoestrategiapoo\Evento.h(12): error C2061: syntax error: identifier 'Jogo'
c:\users\dmytro yaremyshyn\desktop\qqalcmm-\jogoestrategiapoo\jogoestrategiapoo\CampoCosmico.h(13): error C2061: syntax error: identifier 'Jogo'
c:\users\dmytro yaremyshyn\desktop\qqalcmm-\jogoestrategiapoo\jogoestrategiapoo\AtaqueXenomorfo.h(13): error C2061: syntax error: identifier 'Jogo'
c:\users\dmytro yaremyshyn\desktop\qqalcmm-\jogoestrategiapoo\jogoestrategiapoo\AtaquePiratas.h(14): error C2061: syntax error: identifier 'Jogo'
c:\users\dmytro yaremyshyn\desktop\qqalcmm-\jogoestrategiapoo\jogoestrategiapoo\ChuvaMeteoritos.h(16): error C2061: syntax error: identifier 'Jogo'
c:\users\dmytro yaremyshyn\desktop\qqalcmm-\jogoestrategiapoo\jogoestrategiapoo\Reparador.h(4): error C2504: 'Caracteristicas': base class undefined
c:\users\dmytro yaremyshyn\desktop\qqalcmm-\jogoestrategiapoo\jogoestrategiapoo\Tripulacao.h(15): error C2504: 'Unidades': base class undefined
c:\users\dmytro yaremyshyn\desktop\qqalcmm-\jogoestrategiapoo\jogoestrategiapoo\Controlo_Escudo.h(11): error C2061: syntax error: identifier 'Jogo'
c:\users\dmytro yaremyshyn\desktop\qqalcmm-\jogoestrategiapoo\jogoestrategiapoo\Sala_Maquinas.h(11): error C2061: syntax error: identifier 'Jogo'
c:\users\dmytro yaremyshyn\desktop\qqalcmm-\jogoestrategiapoo\jogoestrategiapoo\Suporte_Vida.h(11): error C2061: syntax error: identifier 'Jogo'
c:\users\dmytro yaremyshyn\desktop\qqalcmm-\jogoestrategiapoo\jogoestrategiapoo\Pirata.h(3): error C2504: 'Unidades': base class undefined
  Xenomorfo.cpp
c:\users\dmytro yaremyshyn\desktop\qqalcmm-\jogoestrategiapoo\jogoestrategiapoo\Sala.h(15): error C2065: 'Unidades': undeclared identifier
c:\users\dmytro yaremyshyn\desktop\qqalcmm-\jogoestrategiapoo\jogoestrategiapoo\Sala.h(15): error C2059: syntax error: '>'
c:\users\dmytro yaremyshyn\desktop\qqalcmm-\jogoestrategiapoo\jogoestrategiapoo\Sala.h(15): error C2976: 'std::vector': too few template arguments
  C:\Program Files (x86)\Microsoft Visual Studio 14.0\VC\include\vector(678): note: see declaration of 'std::vector'
c:\users\dmytro yaremyshyn\desktop\qqalcmm-\jogoestrategiapoo\jogoestrategiapoo\Sala.h(19): error C2061: syntax error: identifier 'Unidades'
c:\users\dmytro yaremyshyn\desktop\qqalcmm-\jogoestrategiapoo\jogoestrategiapoo\Sala.h(22): error C2143: syntax error: missing ';' before '*'
c:\users\dmytro yaremyshyn\desktop\qqalcmm-\jogoestrategiapoo\jogoestrategiapoo\Sala.h(22): error C4430: missing type specifier - int assumed. Note: C++ does not support default-int
c:\users\dmytro yaremyshyn\desktop\qqalcmm-\jogoestrategiapoo\jogoestrategiapoo\Sala.h(22): error C2238: unexpected token(s) preceding ';'
c:\users\dmytro yaremyshyn\desktop\qqalcmm-\jogoestrategiapoo\jogoestrategiapoo\Sala.h(36): error C2065: 'Unidades': undeclared identifier
c:\users\dmytro yaremyshyn\desktop\qqalcmm-\jogoestrategiapoo\jogoestrategiapoo\Sala.h(36): error C2059: syntax error: '>'
c:\users\dmytro yaremyshyn\desktop\qqalcmm-\jogoestrategiapoo\jogoestrategiapoo\Sala.h(36): error C2976: 'std::vector': too few template arguments
  C:\Program Files (x86)\Microsoft Visual Studio 14.0\VC\include\vector(678): note: see declaration of 'std::vector'
c:\users\dmytro yaremyshyn\desktop\qqalcmm-\jogoestrategiapoo\jogoestrategiapoo\Sala.h(29): error C2512: 'std::vector': no appropriate default constructor available
  C:\Program Files (x86)\Microsoft Visual Studio 14.0\VC\include\vector(678): note: see declaration of 'std::vector'
c:\users\dmytro yaremyshyn\desktop\qqalcmm-\jogoestrategiapoo\jogoestrategiapoo\Evento.h(12): error C2061: syntax error: identifier 'Jogo'
c:\users\dmytro yaremyshyn\desktop\qqalcmm-\jogoestrategiapoo\jogoestrategiapoo\CampoCosmico.h(13): error C2061: syntax error: identifier 'Jogo'
c:\users\dmytro yaremyshyn\desktop\qqalcmm-\jogoestrategiapoo\jogoestrategiapoo\AtaqueXenomorfo.h(13): error C2061: syntax error: identifier 'Jogo'
c:\users\dmytro yaremyshyn\desktop\qqalcmm-\jogoestrategiapoo\jogoestrategiapoo\AtaquePiratas.h(14): error C2061: syntax error: identifier 'Jogo'
c:\users\dmytro yaremyshyn\desktop\qqalcmm-\jogoestrategiapoo\jogoestrategiapoo\ChuvaMeteoritos.h(16): error C2061: syntax error: identifier 'Jogo'
c:\users\dmytro yaremyshyn\desktop\qqalcmm-\jogoestrategiapoo\jogoestrategiapoo\Respira.h(4): error C2504: 'Caracteristicas': base class undefined
c:\users\dmytro yaremyshyn\desktop\qqalcmm-\jogoestrategiapoo\jogoestrategiapoo\Reparador.h(4): error C2504: 'Caracteristicas': base class undefined
c:\users\dmytro yaremyshyn\desktop\qqalcmm-\jogoestrategiapoo\jogoestrategiapoo\Combatente.h(4): error C2504: 'Caracteristicas': base class undefined
c:\users\dmytro yaremyshyn\desktop\qqalcmm-\jogoestrategiapoo\jogoestrategiapoo\Operador.h(4): error C2504: 'Caracteristicas': base class undefined
c:\users\dmytro yaremyshyn\desktop\qqalcmm-\jogoestrategiapoo\jogoestrategiapoo\MembroTripulacao.h(4): error C2504: 'Caracteristicas': base class undefined
c:\users\dmytro yaremyshyn\desktop\qqalcmm-\jogoestrategiapoo\jogoestrategiapoo\Tripulacao.h(15): error C2504: 'Unidades': base class undefined
c:\users\dmytro yaremyshyn\desktop\qqalcmm-\jogoestrategiapoo\jogoestrategiapoo\Controlo_Escudo.h(11): error C2061: syntax error: identifier 'Jogo'
c:\users\dmytro yaremyshyn\desktop\qqalcmm-\jogoestrategiapoo\jogoestrategiapoo\Sala_Maquinas.h(11): error C2061: syntax error: identifier 'Jogo'
c:\users\dmytro yaremyshyn\desktop\qqalcmm-\jogoestrategiapoo\jogoestrategiapoo\Suporte_Vida.h(11): error C2061: syntax error: identifier 'Jogo'
c:\users\dmytro yaremyshyn\desktop\qqalcmm-\jogoestrategiapoo\jogoestrategiapoo\Pirata.h(3): error C2504: 'Unidades': base class undefined
Xenomorfo.cpp(4): error C2512: 'Caracteristicas': no appropriate default constructor available
  c:\users\dmytro yaremyshyn\desktop\qqalcmm-\jogoestrategiapoo\jogoestrategiapoo\Caracteristicas.h(7): note: see declaration of 'Caracteristicas'
  Unidades.cpp
c:\users\dmytro yaremyshyn\desktop\qqalcmm-\jogoestrategiapoo\jogoestrategiapoo\Sala.h(15): error C2065: 'Unidades': undeclared identifier
c:\users\dmytro yaremyshyn\desktop\qqalcmm-\jogoestrategiapoo\jogoestrategiapoo\Sala.h(15): error C2059: syntax error: '>'
c:\users\dmytro yaremyshyn\desktop\qqalcmm-\jogoestrategiapoo\jogoestrategiapoo\Sala.h(15): error C2976: 'std::vector': too few template arguments
  C:\Program Files (x86)\Microsoft Visual Studio 14.0\VC\include\vector(678): note: see declaration of 'std::vector'
c:\users\dmytro yaremyshyn\desktop\qqalcmm-\jogoestrategiapoo\jogoestrategiapoo\Sala.h(19): error C2061: syntax error: identifier 'Unidades'
c:\users\dmytro yaremyshyn\desktop\qqalcmm-\jogoestrategiapoo\jogoestrategiapoo\Sala.h(22): error C2143: syntax error: missing ';' before '*'
c:\users\dmytro yaremyshyn\desktop\qqalcmm-\jogoestrategiapoo\jogoestrategiapoo\Sala.h(22): error C4430: missing type specifier - int assumed. Note: C++ does not support default-int
c:\users\dmytro yaremyshyn\desktop\qqalcmm-\jogoestrategiapoo\jogoestrategiapoo\Sala.h(22): error C2238: unexpected token(s) preceding ';'
c:\users\dmytro yaremyshyn\desktop\qqalcmm-\jogoestrategiapoo\jogoestrategiapoo\Sala.h(36): error C2065: 'Unidades': undeclared identifier
c:\users\dmytro yaremyshyn\desktop\qqalcmm-\jogoestrategiapoo\jogoestrategiapoo\Sala.h(36): error C2059: syntax error: '>'
c:\users\dmytro yaremyshyn\desktop\qqalcmm-\jogoestrategiapoo\jogoestrategiapoo\Sala.h(36): error C2976: 'std::vector': too few template arguments
  C:\Program Files (x86)\Microsoft Visual Studio 14.0\VC\include\vector(678): note: see declaration of 'std::vector'
c:\users\dmytro yaremyshyn\desktop\qqalcmm-\jogoestrategiapoo\jogoestrategiapoo\Sala.h(29): error C2512: 'std::vector': no appropriate default constructor available
  C:\Program Files (x86)\Microsoft Visual Studio 14.0\VC\include\vector(678): note: see declaration of 'std::vector'
c:\users\dmytro yaremyshyn\desktop\qqalcmm-\jogoestrategiapoo\jogoestrategiapoo\Evento.h(12): error C2061: syntax error: identifier 'Jogo'
c:\users\dmytro yaremyshyn\desktop\qqalcmm-\jogoestrategiapoo\jogoestrategiapoo\CampoCosmico.h(13): error C2061: syntax error: identifier 'Jogo'
c:\users\dmytro yaremyshyn\desktop\qqalcmm-\jogoestrategiapoo\jogoestrategiapoo\AtaqueXenomorfo.h(13): error C2061: syntax error: identifier 'Jogo'
c:\users\dmytro yaremyshyn\desktop\qqalcmm-\jogoestrategiapoo\jogoestrategiapoo\AtaquePiratas.h(14): error C2061: syntax error: identifier 'Jogo'
c:\users\dmytro yaremyshyn\desktop\qqalcmm-\jogoestrategiapoo\jogoestrategiapoo\ChuvaMeteoritos.h(16): error C2061: syntax error: identifier 'Jogo'
c:\users\dmytro yaremyshyn\desktop\qqalcmm-\jogoestrategiapoo\jogoestrategiapoo\Reparador.h(4): error C2504: 'Caracteristicas': base class undefined
c:\users\dmytro yaremyshyn\desktop\qqalcmm-\jogoestrategiapoo\jogoestrategiapoo\Tripulacao.h(15): error C2504: 'Unidades': base class undefined
c:\users\dmytro yaremyshyn\desktop\qqalcmm-\jogoestrategiapoo\jogoestrategiapoo\Controlo_Escudo.h(11): error C2061: syntax error: identifier 'Jogo'
c:\users\dmytro yaremyshyn\desktop\qqalcmm-\jogoestrategiapoo\jogoestrategiapoo\Sala_Maquinas.h(11): error C2061: syntax error: identifier 'Jogo'
c:\users\dmytro yaremyshyn\desktop\qqalcmm-\jogoestrategiapoo\jogoestrategiapoo\Suporte_Vida.h(11): error C2061: syntax error: identifier 'Jogo'
c:\users\dmytro yaremyshyn\desktop\qqalcmm-\jogoestrategiapoo\jogoestrategiapoo\Pirata.h(3): error C2504: 'Unidades': base class undefined
Unidades.cpp(27): warning C4018: '<': signed/unsigned mismatch
Unidades.cpp(28): error C3867: 'Caracteristicas::getnome': non-standard syntax; use '&' to create a pointer to member
Unidades.cpp(28): error C2678: binary '==': no operator found which takes a left-hand operand of type 'overloaded-function' (or there is no acceptable conversion)
  C:\Program Files (x86)\Windows Kits\8.1\Include\shared\guiddef.h(192): note: could be 'bool operator ==(const GUID &,const GUID &)'
  C:\Program Files (x86)\Microsoft Visual Studio 14.0\VC\include\random(2777): note: or       'bool std::operator ==(const std::bernoulli_distribution &,const std::bernoulli_distribution &)'
  C:\Program Files (x86)\Microsoft Visual Studio 14.0\VC\include\system_error(379): note: or       'bool std::operator ==(const std::error_condition &,const std::error_condition &) noexcept'
  C:\Program Files (x86)\Microsoft Visual Studio 14.0\VC\include\system_error(371): note: or       'bool std::operator ==(const std::error_condition &,const std::error_code &) noexcept'
  C:\Program Files (x86)\Microsoft Visual Studio 14.0\VC\include\system_error(363): note: or       'bool std::operator ==(const std::error_code &,const std::error_condition &) noexcept'
  C:\Program Files (x86)\Microsoft Visual Studio 14.0\VC\include\system_error(355): note: or       'bool std::operator ==(const std::error_code &,const std::error_code &) noexcept'
  C:\Program Files (x86)\Microsoft Visual Studio 14.0\VC\include\exception(338): note: or       'bool std::operator ==(const std::exception_ptr &,std::nullptr_t) throw()'
  C:\Program Files (x86)\Microsoft Visual Studio 14.0\VC\include\exception(333): note: or       'bool std::operator ==(std::nullptr_t,const std::exception_ptr &) throw()'
  C:\Program Files (x86)\Microsoft Visual Studio 14.0\VC\include\exception(328): note: or       'bool std::operator ==(const std::exception_ptr &,const std::exception_ptr &) throw()'
  C:\Program Files (x86)\Microsoft Visual Studio 14.0\VC\include\xstring(2425): note: or       'bool std::operator ==<char,std::char_traits<char>,std::allocator<char>>(const std::basic_string<char,std::char_traits<char>,std::allocator<char>> &,const std::basic_string<char,std::char_traits<char>,std::allocator<char>> &)'
  Unidades.cpp(28): note: while trying to match the argument list '(overloaded-function, std::string)'
  Tripulacao.cpp
c:\users\dmytro yaremyshyn\desktop\qqalcmm-\jogoestrategiapoo\jogoestrategiapoo\Evento.h(12): error C2061: syntax error: identifier 'Jogo'
c:\users\dmytro yaremyshyn\desktop\qqalcmm-\jogoestrategiapoo\jogoestrategiapoo\CampoCosmico.h(13): error C2061: syntax error: identifier 'Jogo'
c:\users\dmytro yaremyshyn\desktop\qqalcmm-\jogoestrategiapoo\jogoestrategiapoo\AtaqueXenomorfo.h(13): error C2061: syntax error: identifier 'Jogo'
c:\users\dmytro yaremyshyn\desktop\qqalcmm-\jogoestrategiapoo\jogoestrategiapoo\AtaquePiratas.h(14): error C2061: syntax error: identifier 'Jogo'
c:\users\dmytro yaremyshyn\desktop\qqalcmm-\jogoestrategiapoo\jogoestrategiapoo\ChuvaMeteoritos.h(16): error C2061: syntax error: identifier 'Jogo'
c:\users\dmytro yaremyshyn\desktop\qqalcmm-\jogoestrategiapoo\jogoestrategiapoo\Alojamento_Capitao.h(4): error C2504: 'Sala': base class undefined
c:\users\dmytro yaremyshyn\desktop\qqalcmm-\jogoestrategiapoo\jogoestrategiapoo\Auto_Reparador.h(4): error C2504: 'Sala': base class undefined
c:\users\dmytro yaremyshyn\desktop\qqalcmm-\jogoestrategiapoo\jogoestrategiapoo\Beliche.h(5): error C2504: 'Sala': base class undefined
c:\users\dmytro yaremyshyn\desktop\qqalcmm-\jogoestrategiapoo\jogoestrategiapoo\Controlo_Escudo.h(5): error C2504: 'Sala': base class undefined
c:\users\dmytro yaremyshyn\desktop\qqalcmm-\jogoestrategiapoo\jogoestrategiapoo\Controlo_Escudo.h(11): error C2061: syntax error: identifier 'Jogo'
c:\users\dmytro yaremyshyn\desktop\qqalcmm-\jogoestrategiapoo\jogoestrategiapoo\Oficina_Robotica.h(4): error C2504: 'Sala': base class undefined
c:\users\dmytro yaremyshyn\desktop\qqalcmm-\jogoestrategiapoo\jogoestrategiapoo\Ponte.h(4): error C2504: 'Sala': base class undefined
c:\users\dmytro yaremyshyn\desktop\qqalcmm-\jogoestrategiapoo\jogoestrategiapoo\Propulsor.h(4): error C2504: 'Sala': base class undefined
c:\users\dmytro yaremyshyn\desktop\qqalcmm-\jogoestrategiapoo\jogoestrategiapoo\Raio_Laser.h(4): error C2504: 'Sala': base class undefined
c:\users\dmytro yaremyshyn\desktop\qqalcmm-\jogoestrategiapoo\jogoestrategiapoo\Sala_Armas.h(4): error C2504: 'Sala': base class undefined
c:\users\dmytro yaremyshyn\desktop\qqalcmm-\jogoestrategiapoo\jogoestrategiapoo\Sala_Maquinas.h(5): error C2504: 'Sala': base class undefined
c:\users\dmytro yaremyshyn\desktop\qqalcmm-\jogoestrategiapoo\jogoestrategiapoo\Sala_Maquinas.h(11): error C2061: syntax error: identifier 'Jogo'
c:\users\dmytro yaremyshyn\desktop\qqalcmm-\jogoestrategiapoo\jogoestrategiapoo\Sistema_Seguranca_Interno.h(4): error C2504: 'Sala': base class undefined
c:\users\dmytro yaremyshyn\desktop\qqalcmm-\jogoestrategiapoo\jogoestrategiapoo\Suporte_Vida.h(5): error C2504: 'Sala': base class undefined
c:\users\dmytro yaremyshyn\desktop\qqalcmm-\jogoestrategiapoo\jogoestrategiapoo\Suporte_Vida.h(11): error C2061: syntax error: identifier 'Jogo'
c:\users\dmytro yaremyshyn\desktop\qqalcmm-\jogoestrategiapoo\jogoestrategiapoo\Enfermaria.h(4): error C2504: 'Sala': base class undefined
c:\users\dmytro yaremyshyn\desktop\qqalcmm-\jogoestrategiapoo\jogoestrategiapoo\Pirata.h(3): error C2504: 'Unidades': base class undefined
c:\users\dmytro yaremyshyn\desktop\qqalcmm-\jogoestrategiapoo\jogoestrategiapoo\Reparador.h(4): error C2504: 'Caracteristicas': base class undefined
Tripulacao.cpp(17): error C2664: 'void Unidades::GanhaCaracteristica(Caracteristicas *)': cannot convert argument 1 from 'Reparador *' to 'Caracteristicas *'
  Tripulacao.cpp(17): note: Types pointed to are unrelated; conversion requires reinterpret_cast, C-style cast or function-style cast
Tripulacao.cpp(18): error C2259: 'Combatente': cannot instantiate abstract class
  Tripulacao.cpp(18): note: due to following members:
  Tripulacao.cpp(18): note: 'bool Caracteristicas::respirarOxi(Sala *)': is abstract
  c:\users\dmytro yaremyshyn\desktop\qqalcmm-\jogoestrategiapoo\jogoestrategiapoo\Caracteristicas.h(13): note: see declaration of 'Caracteristicas::respirarOxi'
  Tripulacao.cpp(18): note: 'bool Caracteristicas::repararSala(Sala *)': is abstract
  c:\users\dmytro yaremyshyn\desktop\qqalcmm-\jogoestrategiapoo\jogoestrategiapoo\Caracteristicas.h(14): note: see declaration of 'Caracteristicas::repararSala'
Tripulacao.cpp(19): error C2259: 'Operador': cannot instantiate abstract class
  Tripulacao.cpp(19): note: due to following members:
  Tripulacao.cpp(19): note: 'bool Caracteristicas::respirarOxi(Sala *)': is abstract
  c:\users\dmytro yaremyshyn\desktop\qqalcmm-\jogoestrategiapoo\jogoestrategiapoo\Caracteristicas.h(13): note: see declaration of 'Caracteristicas::respirarOxi'
  Tripulacao.cpp(19): note: 'bool Caracteristicas::repararSala(Sala *)': is abstract
  c:\users\dmytro yaremyshyn\desktop\qqalcmm-\jogoestrategiapoo\jogoestrategiapoo\Caracteristicas.h(14): note: see declaration of 'Caracteristicas::repararSala'
Tripulacao.cpp(19): error C2664: 'Operador::Operador(const Operador &)': cannot convert argument 1 from 'const char [9]' to 'const Operador &'
  Tripulacao.cpp(19): note: Reason: cannot convert from 'const char [9]' to 'const Operador'
  Tripulacao.cpp(19): note: No constructor could take the source type, or constructor overload resolution was ambiguous
Tripulacao.cpp(20): error C2259: 'MembroTripulacao': cannot instantiate abstract class
  Tripulacao.cpp(20): note: due to following members:
  Tripulacao.cpp(20): note: 'bool Caracteristicas::respirarOxi(Sala *)': is abstract
  c:\users\dmytro yaremyshyn\desktop\qqalcmm-\jogoestrategiapoo\jogoestrategiapoo\Caracteristicas.h(13): note: see declaration of 'Caracteristicas::respirarOxi'
  Tripulacao.cpp(20): note: 'bool Caracteristicas::repararSala(Sala *)': is abstract
  c:\users\dmytro yaremyshyn\desktop\qqalcmm-\jogoestrategiapoo\jogoestrategiapoo\Caracteristicas.h(14): note: see declaration of 'Caracteristicas::repararSala'
Tripulacao.cpp(20): error C2664: 'MembroTripulacao::MembroTripulacao(const MembroTripulacao &)': cannot convert argument 1 from 'const char [17]' to 'const MembroTripulacao &'
  Tripulacao.cpp(20): note: Reason: cannot convert from 'const char [17]' to 'const MembroTripulacao'
  Tripulacao.cpp(20): note: No constructor could take the source type, or constructor overload resolution was ambiguous
Tripulacao.cpp(24): warning C4018: '<': signed/unsigned mismatch
Tripulacao.cpp(43): warning C4018: '<': signed/unsigned mismatch
Tripulacao.cpp(60): error C3861: 'repararSala': identifier not found
Tripulacao.cpp(61): error C2059: syntax error: '}'
  Toxico.cpp
c:\users\dmytro yaremyshyn\desktop\qqalcmm-\jogoestrategiapoo\jogoestrategiapoo\Sala.h(15): error C2065: 'Unidades': undeclared identifier
c:\users\dmytro yaremyshyn\desktop\qqalcmm-\jogoestrategiapoo\jogoestrategiapoo\Sala.h(15): error C2059: syntax error: '>'
c:\users\dmytro yaremyshyn\desktop\qqalcmm-\jogoestrategiapoo\jogoestrategiapoo\Sala.h(15): error C2976: 'std::vector': too few template arguments
  C:\Program Files (x86)\Microsoft Visual Studio 14.0\VC\include\vector(678): note: see declaration of 'std::vector'
c:\users\dmytro yaremyshyn\desktop\qqalcmm-\jogoestrategiapoo\jogoestrategiapoo\Sala.h(19): error C2061: syntax error: identifier 'Unidades'
c:\users\dmytro yaremyshyn\desktop\qqalcmm-\jogoestrategiapoo\jogoestrategiapoo\Sala.h(22): error C2143: syntax error: missing ';' before '*'
c:\users\dmytro yaremyshyn\desktop\qqalcmm-\jogoestrategiapoo\jogoestrategiapoo\Sala.h(22): error C4430: missing type specifier - int assumed. Note: C++ does not support default-int
c:\users\dmytro yaremyshyn\desktop\qqalcmm-\jogoestrategiapoo\jogoestrategiapoo\Sala.h(22): error C2238: unexpected token(s) preceding ';'
c:\users\dmytro yaremyshyn\desktop\qqalcmm-\jogoestrategiapoo\jogoestrategiapoo\Sala.h(36): error C2065: 'Unidades': undeclared identifier
c:\users\dmytro yaremyshyn\desktop\qqalcmm-\jogoestrategiapoo\jogoestrategiapoo\Sala.h(36): error C2059: syntax error: '>'
c:\users\dmytro yaremyshyn\desktop\qqalcmm-\jogoestrategiapoo\jogoestrategiapoo\Sala.h(36): error C2976: 'std::vector': too few template arguments
  C:\Program Files (x86)\Microsoft Visual Studio 14.0\VC\include\vector(678): note: see declaration of 'std::vector'
c:\users\dmytro yaremyshyn\desktop\qqalcmm-\jogoestrategiapoo\jogoestrategiapoo\Sala.h(29): error C2512: 'std::vector': no appropriate default constructor available
  C:\Program Files (x86)\Microsoft Visual Studio 14.0\VC\include\vector(678): note: see declaration of 'std::vector'
c:\users\dmytro yaremyshyn\desktop\qqalcmm-\jogoestrategiapoo\jogoestrategiapoo\Evento.h(12): error C2061: syntax error: identifier 'Jogo'
c:\users\dmytro yaremyshyn\desktop\qqalcmm-\jogoestrategiapoo\jogoestrategiapoo\CampoCosmico.h(13): error C2061: syntax error: identifier 'Jogo'
c:\users\dmytro yaremyshyn\desktop\qqalcmm-\jogoestrategiapoo\jogoestrategiapoo\AtaqueXenomorfo.h(13): error C2061: syntax error: identifier 'Jogo'
c:\users\dmytro yaremyshyn\desktop\qqalcmm-\jogoestrategiapoo\jogoestrategiapoo\AtaquePiratas.h(14): error C2061: syntax error: identifier 'Jogo'
c:\users\dmytro yaremyshyn\desktop\qqalcmm-\jogoestrategiapoo\jogoestrategiapoo\ChuvaMeteoritos.h(16): error C2061: syntax error: identifier 'Jogo'
c:\users\dmytro yaremyshyn\desktop\qqalcmm-\jogoestrategiapoo\jogoestrategiapoo\Respira.h(4): error C2504: 'Caracteristicas': base class undefined
c:\users\dmytro yaremyshyn\desktop\qqalcmm-\jogoestrategiapoo\jogoestrategiapoo\Reparador.h(4): error C2504: 'Caracteristicas': base class undefined
c:\users\dmytro yaremyshyn\desktop\qqalcmm-\jogoestrategiapoo\jogoestrategiapoo\Combatente.h(4): error C2504: 'Caracteristicas': base class undefined
c:\users\dmytro yaremyshyn\desktop\qqalcmm-\jogoestrategiapoo\jogoestrategiapoo\Operador.h(4): error C2504: 'Caracteristicas': base class undefined
c:\users\dmytro yaremyshyn\desktop\qqalcmm-\jogoestrategiapoo\jogoestrategiapoo\MembroTripulacao.h(4): error C2504: 'Caracteristicas': base class undefined
c:\users\dmytro yaremyshyn\desktop\qqalcmm-\jogoestrategiapoo\jogoestrategiapoo\Tripulacao.h(15): error C2504: 'Unidades': base class undefined
c:\users\dmytro yaremyshyn\desktop\qqalcmm-\jogoestrategiapoo\jogoestrategiapoo\Controlo_Escudo.h(11): error C2061: syntax error: identifier 'Jogo'
c:\users\dmytro yaremyshyn\desktop\qqalcmm-\jogoestrategiapoo\jogoestrategiapoo\Sala_Maquinas.h(11): error C2061: syntax error: identifier 'Jogo'
c:\users\dmytro yaremyshyn\desktop\qqalcmm-\jogoestrategiapoo\jogoestrategiapoo\Suporte_Vida.h(11): error C2061: syntax error: identifier 'Jogo'
c:\users\dmytro yaremyshyn\desktop\qqalcmm-\jogoestrategiapoo\jogoestrategiapoo\Pirata.h(3): error C2504: 'Unidades': base class undefined
Toxico.cpp(4): error C2512: 'Caracteristicas': no appropriate default constructor available
  c:\users\dmytro yaremyshyn\desktop\qqalcmm-\jogoestrategiapoo\jogoestrategiapoo\Caracteristicas.h(7): note: see declaration of 'Caracteristicas'
  Suporte_Vida.cpp
c:\users\dmytro yaremyshyn\desktop\qqalcmm-\jogoestrategiapoo\jogoestrategiapoo\Evento.h(12): error C2061: syntax error: identifier 'Jogo'
c:\users\dmytro yaremyshyn\desktop\qqalcmm-\jogoestrategiapoo\jogoestrategiapoo\CampoCosmico.h(13): error C2061: syntax error: identifier 'Jogo'
c:\users\dmytro yaremyshyn\desktop\qqalcmm-\jogoestrategiapoo\jogoestrategiapoo\AtaqueXenomorfo.h(13): error C2061: syntax error: identifier 'Jogo'
c:\users\dmytro yaremyshyn\desktop\qqalcmm-\jogoestrategiapoo\jogoestrategiapoo\AtaquePiratas.h(14): error C2061: syntax error: identifier 'Jogo'
c:\users\dmytro yaremyshyn\desktop\qqalcmm-\jogoestrategiapoo\jogoestrategiapoo\ChuvaMeteoritos.h(16): error C2061: syntax error: identifier 'Jogo'
c:\users\dmytro yaremyshyn\desktop\qqalcmm-\jogoestrategiapoo\jogoestrategiapoo\Alojamento_Capitao.h(4): error C2504: 'Sala': base class undefined
c:\users\dmytro yaremyshyn\desktop\qqalcmm-\jogoestrategiapoo\jogoestrategiapoo\Auto_Reparador.h(4): error C2504: 'Sala': base class undefined
c:\users\dmytro yaremyshyn\desktop\qqalcmm-\jogoestrategiapoo\jogoestrategiapoo\Reparador.h(4): error C2504: 'Caracteristicas': base class undefined
c:\users\dmytro yaremyshyn\desktop\qqalcmm-\jogoestrategiapoo\jogoestrategiapoo\Reparador.h(9): error C2061: syntax error: identifier 'Sala'
c:\users\dmytro yaremyshyn\desktop\qqalcmm-\jogoestrategiapoo\jogoestrategiapoo\Reparador.h(10): error C2061: syntax error: identifier 'Sala'
c:\users\dmytro yaremyshyn\desktop\qqalcmm-\jogoestrategiapoo\jogoestrategiapoo\Caracteristicas.h(13): error C2061: syntax error: identifier 'Sala'
c:\users\dmytro yaremyshyn\desktop\qqalcmm-\jogoestrategiapoo\jogoestrategiapoo\Caracteristicas.h(14): error C2061: syntax error: identifier 'Sala'
c:\users\dmytro yaremyshyn\desktop\qqalcmm-\jogoestrategiapoo\jogoestrategiapoo\Respira.h(10): error C2061: syntax error: identifier 'Sala'
c:\users\dmytro yaremyshyn\desktop\qqalcmm-\jogoestrategiapoo\jogoestrategiapoo\Respira.h(11): error C2061: syntax error: identifier 'Sala'
c:\users\dmytro yaremyshyn\desktop\qqalcmm-\jogoestrategiapoo\jogoestrategiapoo\Tripulacao.h(15): error C2504: 'Unidades': base class undefined
c:\users\dmytro yaremyshyn\desktop\qqalcmm-\jogoestrategiapoo\jogoestrategiapoo\Beliche.h(5): error C2504: 'Sala': base class undefined
c:\users\dmytro yaremyshyn\desktop\qqalcmm-\jogoestrategiapoo\jogoestrategiapoo\Controlo_Escudo.h(5): error C2504: 'Sala': base class undefined
c:\users\dmytro yaremyshyn\desktop\qqalcmm-\jogoestrategiapoo\jogoestrategiapoo\Controlo_Escudo.h(11): error C2061: syntax error: identifier 'Jogo'
c:\users\dmytro yaremyshyn\desktop\qqalcmm-\jogoestrategiapoo\jogoestrategiapoo\Oficina_Robotica.h(4): error C2504: 'Sala': base class undefined
c:\users\dmytro yaremyshyn\desktop\qqalcmm-\jogoestrategiapoo\jogoestrategiapoo\Ponte.h(4): error C2504: 'Sala': base class undefined
c:\users\dmytro yaremyshyn\desktop\qqalcmm-\jogoestrategiapoo\jogoestrategiapoo\Propulsor.h(4): error C2504: 'Sala': base class undefined
c:\users\dmytro yaremyshyn\desktop\qqalcmm-\jogoestrategiapoo\jogoestrategiapoo\Raio_Laser.h(4): error C2504: 'Sala': base class undefined
c:\users\dmytro yaremyshyn\desktop\qqalcmm-\jogoestrategiapoo\jogoestrategiapoo\Sala_Armas.h(4): error C2504: 'Sala': base class undefined
c:\users\dmytro yaremyshyn\desktop\qqalcmm-\jogoestrategiapoo\jogoestrategiapoo\Sala_Maquinas.h(5): error C2504: 'Sala': base class undefined
c:\users\dmytro yaremyshyn\desktop\qqalcmm-\jogoestrategiapoo\jogoestrategiapoo\Sala_Maquinas.h(11): error C2061: syntax error: identifier 'Jogo'
c:\users\dmytro yaremyshyn\desktop\qqalcmm-\jogoestrategiapoo\jogoestrategiapoo\Sistema_Seguranca_Interno.h(4): error C2504: 'Sala': base class undefined
c:\users\dmytro yaremyshyn\desktop\qqalcmm-\jogoestrategiapoo\jogoestrategiapoo\Enfermaria.h(4): error C2504: 'Sala': base class undefined
c:\users\dmytro yaremyshyn\desktop\qqalcmm-\jogoestrategiapoo\jogoestrategiapoo\Pirata.h(3): error C2504: 'Unidades': base class undefined
Suporte_Vida.cpp(14): warning C4018: '<': signed/unsigned mismatch
  Sistema_Seguranca_Interno.cpp
c:\users\dmytro yaremyshyn\desktop\qqalcmm-\jogoestrategiapoo\jogoestrategiapoo\Evento.h(12): error C2061: syntax error: identifier 'Jogo'
c:\users\dmytro yaremyshyn\desktop\qqalcmm-\jogoestrategiapoo\jogoestrategiapoo\CampoCosmico.h(13): error C2061: syntax error: identifier 'Jogo'
c:\users\dmytro yaremyshyn\desktop\qqalcmm-\jogoestrategiapoo\jogoestrategiapoo\AtaqueXenomorfo.h(13): error C2061: syntax error: identifier 'Jogo'
c:\users\dmytro yaremyshyn\desktop\qqalcmm-\jogoestrategiapoo\jogoestrategiapoo\AtaquePiratas.h(14): error C2061: syntax error: identifier 'Jogo'
c:\users\dmytro yaremyshyn\desktop\qqalcmm-\jogoestrategiapoo\jogoestrategiapoo\ChuvaMeteoritos.h(16): error C2061: syntax error: identifier 'Jogo'
c:\users\dmytro yaremyshyn\desktop\qqalcmm-\jogoestrategiapoo\jogoestrategiapoo\Alojamento_Capitao.h(4): error C2504: 'Sala': base class undefined
c:\users\dmytro yaremyshyn\desktop\qqalcmm-\jogoestrategiapoo\jogoestrategiapoo\Auto_Reparador.h(4): error C2504: 'Sala': base class undefined
c:\users\dmytro yaremyshyn\desktop\qqalcmm-\jogoestrategiapoo\jogoestrategiapoo\Reparador.h(4): error C2504: 'Caracteristicas': base class undefined
c:\users\dmytro yaremyshyn\desktop\qqalcmm-\jogoestrategiapoo\jogoestrategiapoo\Reparador.h(9): error C2061: syntax error: identifier 'Sala'
c:\users\dmytro yaremyshyn\desktop\qqalcmm-\jogoestrategiapoo\jogoestrategiapoo\Reparador.h(10): error C2061: syntax error: identifier 'Sala'
c:\users\dmytro yaremyshyn\desktop\qqalcmm-\jogoestrategiapoo\jogoestrategiapoo\Caracteristicas.h(13): error C2061: syntax error: identifier 'Sala'
c:\users\dmytro yaremyshyn\desktop\qqalcmm-\jogoestrategiapoo\jogoestrategiapoo\Caracteristicas.h(14): error C2061: syntax error: identifier 'Sala'
c:\users\dmytro yaremyshyn\desktop\qqalcmm-\jogoestrategiapoo\jogoestrategiapoo\Respira.h(10): error C2061: syntax error: identifier 'Sala'
c:\users\dmytro yaremyshyn\desktop\qqalcmm-\jogoestrategiapoo\jogoestrategiapoo\Respira.h(11): error C2061: syntax error: identifier 'Sala'
c:\users\dmytro yaremyshyn\desktop\qqalcmm-\jogoestrategiapoo\jogoestrategiapoo\Tripulacao.h(15): error C2504: 'Unidades': base class undefined
c:\users\dmytro yaremyshyn\desktop\qqalcmm-\jogoestrategiapoo\jogoestrategiapoo\Beliche.h(5): error C2504: 'Sala': base class undefined
c:\users\dmytro yaremyshyn\desktop\qqalcmm-\jogoestrategiapoo\jogoestrategiapoo\Controlo_Escudo.h(5): error C2504: 'Sala': base class undefined
c:\users\dmytro yaremyshyn\desktop\qqalcmm-\jogoestrategiapoo\jogoestrategiapoo\Controlo_Escudo.h(11): error C2061: syntax error: identifier 'Jogo'
c:\users\dmytro yaremyshyn\desktop\qqalcmm-\jogoestrategiapoo\jogoestrategiapoo\Oficina_Robotica.h(4): error C2504: 'Sala': base class undefined
c:\users\dmytro yaremyshyn\desktop\qqalcmm-\jogoestrategiapoo\jogoestrategiapoo\Ponte.h(4): error C2504: 'Sala': base class undefined
c:\users\dmytro yaremyshyn\desktop\qqalcmm-\jogoestrategiapoo\jogoestrategiapoo\Propulsor.h(4): error C2504: 'Sala': base class undefined
c:\users\dmytro yaremyshyn\desktop\qqalcmm-\jogoestrategiapoo\jogoestrategiapoo\Raio_Laser.h(4): error C2504: 'Sala': base class undefined
c:\users\dmytro yaremyshyn\desktop\qqalcmm-\jogoestrategiapoo\jogoestrategiapoo\Sala_Armas.h(4): error C2504: 'Sala': base class undefined
c:\users\dmytro yaremyshyn\desktop\qqalcmm-\jogoestrategiapoo\jogoestrategiapoo\Sala_Maquinas.h(5): error C2504: 'Sala': base class undefined
c:\users\dmytro yaremyshyn\desktop\qqalcmm-\jogoestrategiapoo\jogoestrategiapoo\Sala_Maquinas.h(11): error C2061: syntax error: identifier 'Jogo'
c:\users\dmytro yaremyshyn\desktop\qqalcmm-\jogoestrategiapoo\jogoestrategiapoo\Suporte_Vida.h(5): error C2504: 'Sala': base class undefined
c:\users\dmytro yaremyshyn\desktop\qqalcmm-\jogoestrategiapoo\jogoestrategiapoo\Suporte_Vida.h(11): error C2061: syntax error: identifier 'Jogo'
c:\users\dmytro yaremyshyn\desktop\qqalcmm-\jogoestrategiapoo\jogoestrategiapoo\Enfermaria.h(4): error C2504: 'Sala': base class undefined
c:\users\dmytro yaremyshyn\desktop\qqalcmm-\jogoestrategiapoo\jogoestrategiapoo\Pirata.h(3): error C2504: 'Unidades': base class undefined
  Sala_Maquinas.cpp
c:\users\dmytro yaremyshyn\desktop\qqalcmm-\jogoestrategiapoo\jogoestrategiapoo\Evento.h(12): error C2061: syntax error: identifier 'Jogo'
c:\users\dmytro yaremyshyn\desktop\qqalcmm-\jogoestrategiapoo\jogoestrategiapoo\CampoCosmico.h(13): error C2061: syntax error: identifier 'Jogo'
c:\users\dmytro yaremyshyn\desktop\qqalcmm-\jogoestrategiapoo\jogoestrategiapoo\AtaqueXenomorfo.h(13): error C2061: syntax error: identifier 'Jogo'
c:\users\dmytro yaremyshyn\desktop\qqalcmm-\jogoestrategiapoo\jogoestrategiapoo\AtaquePiratas.h(14): error C2061: syntax error: identifier 'Jogo'
c:\users\dmytro yaremyshyn\desktop\qqalcmm-\jogoestrategiapoo\jogoestrategiapoo\ChuvaMeteoritos.h(16): error C2061: syntax error: identifier 'Jogo'
c:\users\dmytro yaremyshyn\desktop\qqalcmm-\jogoestrategiapoo\jogoestrategiapoo\Alojamento_Capitao.h(4): error C2504: 'Sala': base class undefined
c:\users\dmytro yaremyshyn\desktop\qqalcmm-\jogoestrategiapoo\jogoestrategiapoo\Auto_Reparador.h(4): error C2504: 'Sala': base class undefined
c:\users\dmytro yaremyshyn\desktop\qqalcmm-\jogoestrategiapoo\jogoestrategiapoo\Reparador.h(4): error C2504: 'Caracteristicas': base class undefined
c:\users\dmytro yaremyshyn\desktop\qqalcmm-\jogoestrategiapoo\jogoestrategiapoo\Reparador.h(9): error C2061: syntax error: identifier 'Sala'
c:\users\dmytro yaremyshyn\desktop\qqalcmm-\jogoestrategiapoo\jogoestrategiapoo\Reparador.h(10): error C2061: syntax error: identifier 'Sala'
c:\users\dmytro yaremyshyn\desktop\qqalcmm-\jogoestrategiapoo\jogoestrategiapoo\Caracteristicas.h(13): error C2061: syntax error: identifier 'Sala'
c:\users\dmytro yaremyshyn\desktop\qqalcmm-\jogoestrategiapoo\jogoestrategiapoo\Caracteristicas.h(14): error C2061: syntax error: identifier 'Sala'
c:\users\dmytro yaremyshyn\desktop\qqalcmm-\jogoestrategiapoo\jogoestrategiapoo\Respira.h(10): error C2061: syntax error: identifier 'Sala'
c:\users\dmytro yaremyshyn\desktop\qqalcmm-\jogoestrategiapoo\jogoestrategiapoo\Respira.h(11): error C2061: syntax error: identifier 'Sala'
c:\users\dmytro yaremyshyn\desktop\qqalcmm-\jogoestrategiapoo\jogoestrategiapoo\Tripulacao.h(15): error C2504: 'Unidades': base class undefined
c:\users\dmytro yaremyshyn\desktop\qqalcmm-\jogoestrategiapoo\jogoestrategiapoo\Beliche.h(5): error C2504: 'Sala': base class undefined
c:\users\dmytro yaremyshyn\desktop\qqalcmm-\jogoestrategiapoo\jogoestrategiapoo\Controlo_Escudo.h(5): error C2504: 'Sala': base class undefined
c:\users\dmytro yaremyshyn\desktop\qqalcmm-\jogoestrategiapoo\jogoestrategiapoo\Controlo_Escudo.h(11): error C2061: syntax error: identifier 'Jogo'
c:\users\dmytro yaremyshyn\desktop\qqalcmm-\jogoestrategiapoo\jogoestrategiapoo\Oficina_Robotica.h(4): error C2504: 'Sala': base class undefined
c:\users\dmytro yaremyshyn\desktop\qqalcmm-\jogoestrategiapoo\jogoestrategiapoo\Ponte.h(4): error C2504: 'Sala': base class undefined
c:\users\dmytro yaremyshyn\desktop\qqalcmm-\jogoestrategiapoo\jogoestrategiapoo\Propulsor.h(4): error C2504: 'Sala': base class undefined
c:\users\dmytro yaremyshyn\desktop\qqalcmm-\jogoestrategiapoo\jogoestrategiapoo\Raio_Laser.h(4): error C2504: 'Sala': base class undefined
c:\users\dmytro yaremyshyn\desktop\qqalcmm-\jogoestrategiapoo\jogoestrategiapoo\Sala_Armas.h(4): error C2504: 'Sala': base class undefined
c:\users\dmytro yaremyshyn\desktop\qqalcmm-\jogoestrategiapoo\jogoestrategiapoo\Sistema_Seguranca_Interno.h(4): error C2504: 'Sala': base class undefined
c:\users\dmytro yaremyshyn\desktop\qqalcmm-\jogoestrategiapoo\jogoestrategiapoo\Suporte_Vida.h(5): error C2504: 'Sala': base class undefined
c:\users\dmytro yaremyshyn\desktop\qqalcmm-\jogoestrategiapoo\jogoestrategiapoo\Suporte_Vida.h(11): error C2061: syntax error: identifier 'Jogo'
c:\users\dmytro yaremyshyn\desktop\qqalcmm-\jogoestrategiapoo\jogoestrategiapoo\Enfermaria.h(4): error C2504: 'Sala': base class undefined
c:\users\dmytro yaremyshyn\desktop\qqalcmm-\jogoestrategiapoo\jogoestrategiapoo\Pirata.h(3): error C2504: 'Unidades': base class undefined
Sala_Maquinas.cpp(13): warning C4018: '<': signed/unsigned mismatch
Sala_Maquinas.cpp(21): warning C4018: '<': signed/unsigned mismatch
  Sala_Armas.cpp
c:\users\dmytro yaremyshyn\desktop\qqalcmm-\jogoestrategiapoo\jogoestrategiapoo\Evento.h(12): error C2061: syntax error: identifier 'Jogo'
c:\users\dmytro yaremyshyn\desktop\qqalcmm-\jogoestrategiapoo\jogoestrategiapoo\CampoCosmico.h(13): error C2061: syntax error: identifier 'Jogo'
c:\users\dmytro yaremyshyn\desktop\qqalcmm-\jogoestrategiapoo\jogoestrategiapoo\AtaqueXenomorfo.h(13): error C2061: syntax error: identifier 'Jogo'
c:\users\dmytro yaremyshyn\desktop\qqalcmm-\jogoestrategiapoo\jogoestrategiapoo\AtaquePiratas.h(14): error C2061: syntax error: identifier 'Jogo'
c:\users\dmytro yaremyshyn\desktop\qqalcmm-\jogoestrategiapoo\jogoestrategiapoo\ChuvaMeteoritos.h(16): error C2061: syntax error: identifier 'Jogo'
c:\users\dmytro yaremyshyn\desktop\qqalcmm-\jogoestrategiapoo\jogoestrategiapoo\Alojamento_Capitao.h(4): error C2504: 'Sala': base class undefined
c:\users\dmytro yaremyshyn\desktop\qqalcmm-\jogoestrategiapoo\jogoestrategiapoo\Auto_Reparador.h(4): error C2504: 'Sala': base class undefined
c:\users\dmytro yaremyshyn\desktop\qqalcmm-\jogoestrategiapoo\jogoestrategiapoo\Reparador.h(4): error C2504: 'Caracteristicas': base class undefined
c:\users\dmytro yaremyshyn\desktop\qqalcmm-\jogoestrategiapoo\jogoestrategiapoo\Reparador.h(9): error C2061: syntax error: identifier 'Sala'
c:\users\dmytro yaremyshyn\desktop\qqalcmm-\jogoestrategiapoo\jogoestrategiapoo\Reparador.h(10): error C2061: syntax error: identifier 'Sala'
c:\users\dmytro yaremyshyn\desktop\qqalcmm-\jogoestrategiapoo\jogoestrategiapoo\Caracteristicas.h(13): error C2061: syntax error: identifier 'Sala'
c:\users\dmytro yaremyshyn\desktop\qqalcmm-\jogoestrategiapoo\jogoestrategiapoo\Caracteristicas.h(14): error C2061: syntax error: identifier 'Sala'
c:\users\dmytro yaremyshyn\desktop\qqalcmm-\jogoestrategiapoo\jogoestrategiapoo\Respira.h(10): error C2061: syntax error: identifier 'Sala'
c:\users\dmytro yaremyshyn\desktop\qqalcmm-\jogoestrategiapoo\jogoestrategiapoo\Respira.h(11): error C2061: syntax error: identifier 'Sala'
c:\users\dmytro yaremyshyn\desktop\qqalcmm-\jogoestrategiapoo\jogoestrategiapoo\Tripulacao.h(15): error C2504: 'Unidades': base class undefined
c:\users\dmytro yaremyshyn\desktop\qqalcmm-\jogoestrategiapoo\jogoestrategiapoo\Beliche.h(5): error C2504: 'Sala': base class undefined
c:\users\dmytro yaremyshyn\desktop\qqalcmm-\jogoestrategiapoo\jogoestrategiapoo\Controlo_Escudo.h(5): error C2504: 'Sala': base class undefined
c:\users\dmytro yaremyshyn\desktop\qqalcmm-\jogoestrategiapoo\jogoestrategiapoo\Controlo_Escudo.h(11): error C2061: syntax error: identifier 'Jogo'
c:\users\dmytro yaremyshyn\desktop\qqalcmm-\jogoestrategiapoo\jogoestrategiapoo\Oficina_Robotica.h(4): error C2504: 'Sala': base class undefined
c:\users\dmytro yaremyshyn\desktop\qqalcmm-\jogoestrategiapoo\jogoestrategiapoo\Ponte.h(4): error C2504: 'Sala': base class undefined
c:\users\dmytro yaremyshyn\desktop\qqalcmm-\jogoestrategiapoo\jogoestrategiapoo\Propulsor.h(4): error C2504: 'Sala': base class undefined
c:\users\dmytro yaremyshyn\desktop\qqalcmm-\jogoestrategiapoo\jogoestrategiapoo\Raio_Laser.h(4): error C2504: 'Sala': base class undefined
c:\users\dmytro yaremyshyn\desktop\qqalcmm-\jogoestrategiapoo\jogoestrategiapoo\Sala_Maquinas.h(5): error C2504: 'Sala': base class undefined
c:\users\dmytro yaremyshyn\desktop\qqalcmm-\jogoestrategiapoo\jogoestrategiapoo\Sala_Maquinas.h(11): error C2061: syntax error: identifier 'Jogo'
c:\users\dmytro yaremyshyn\desktop\qqalcmm-\jogoestrategiapoo\jogoestrategiapoo\Sistema_Seguranca_Interno.h(4): error C2504: 'Sala': base class undefined
c:\users\dmytro yaremyshyn\desktop\qqalcmm-\jogoestrategiapoo\jogoestrategiapoo\Suporte_Vida.h(5): error C2504: 'Sala': base class undefined
c:\users\dmytro yaremyshyn\desktop\qqalcmm-\jogoestrategiapoo\jogoestrategiapoo\Suporte_Vida.h(11): error C2061: syntax error: identifier 'Jogo'
c:\users\dmytro yaremyshyn\desktop\qqalcmm-\jogoestrategiapoo\jogoestrategiapoo\Enfermaria.h(4): error C2504: 'Sala': base class undefined
c:\users\dmytro yaremyshyn\desktop\qqalcmm-\jogoestrategiapoo\jogoestrategiapoo\Pirata.h(3): error C2504: 'Unidades': base class undefined
Sala_Armas.cpp(12): warning C4018: '<': signed/unsigned mismatch
Sala_Armas.cpp(18): error C2059: syntax error: '}'
Sala_Armas.cpp(20): fatal error C1903: unable to recover from previous error(s); stopping compilation
