  Tripulacao.cpp
c:\users\dmytro yaremyshyn\desktop\qqalcmm-\qqalcmm-\jogoestrategiapoo\jogoestrategiapoo\sala.h(20): error C2259: 'Unidades': cannot instantiate abstract class
  c:\users\dmytro yaremyshyn\desktop\qqalcmm-\qqalcmm-\jogoestrategiapoo\jogoestrategiapoo\sala.h(20): note: due to following members:
  c:\users\dmytro yaremyshyn\desktop\qqalcmm-\qqalcmm-\jogoestrategiapoo\jogoestrategiapoo\sala.h(20): note: 'Sala *Unidades::getOndeEstou(void)': is abstract
  c:\users\dmytro yaremyshyn\desktop\qqalcmm-\qqalcmm-\jogoestrategiapoo\jogoestrategiapoo\unidades.h(10): note: see declaration of 'Unidades::getOndeEstou'
  c:\users\dmytro yaremyshyn\desktop\qqalcmm-\qqalcmm-\jogoestrategiapoo\jogoestrategiapoo\sala.h(20): note: 'void Unidades::setOndeEstou(Sala *)': is abstract
  c:\users\dmytro yaremyshyn\desktop\qqalcmm-\qqalcmm-\jogoestrategiapoo\jogoestrategiapoo\unidades.h(11): note: see declaration of 'Unidades::setOndeEstou'
  c:\users\dmytro yaremyshyn\desktop\qqalcmm-\qqalcmm-\jogoestrategiapoo\jogoestrategiapoo\sala.h(20): note: 'std::string Unidades::getNome(void)': is abstract
  c:\users\dmytro yaremyshyn\desktop\qqalcmm-\qqalcmm-\jogoestrategiapoo\jogoestrategiapoo\unidades.h(12): note: see declaration of 'Unidades::getNome'
  c:\users\dmytro yaremyshyn\desktop\qqalcmm-\qqalcmm-\jogoestrategiapoo\jogoestrategiapoo\sala.h(20): note: 'void Unidades::setNome(std::string)': is abstract
  c:\users\dmytro yaremyshyn\desktop\qqalcmm-\qqalcmm-\jogoestrategiapoo\jogoestrategiapoo\unidades.h(13): note: see declaration of 'Unidades::setNome'
c:\users\dmytro yaremyshyn\desktop\qqalcmm-\qqalcmm-\jogoestrategiapoo\jogoestrategiapoo\sala.h(22): error C2259: 'Unidades': cannot instantiate abstract class
  c:\users\dmytro yaremyshyn\desktop\qqalcmm-\qqalcmm-\jogoestrategiapoo\jogoestrategiapoo\sala.h(22): note: due to following members:
  c:\users\dmytro yaremyshyn\desktop\qqalcmm-\qqalcmm-\jogoestrategiapoo\jogoestrategiapoo\sala.h(22): note: 'Sala *Unidades::getOndeEstou(void)': is abstract
  c:\users\dmytro yaremyshyn\desktop\qqalcmm-\qqalcmm-\jogoestrategiapoo\jogoestrategiapoo\unidades.h(10): note: see declaration of 'Unidades::getOndeEstou'
  c:\users\dmytro yaremyshyn\desktop\qqalcmm-\qqalcmm-\jogoestrategiapoo\jogoestrategiapoo\sala.h(22): note: 'void Unidades::setOndeEstou(Sala *)': is abstract
  c:\users\dmytro yaremyshyn\desktop\qqalcmm-\qqalcmm-\jogoestrategiapoo\jogoestrategiapoo\unidades.h(11): note: see declaration of 'Unidades::setOndeEstou'
  c:\users\dmytro yaremyshyn\desktop\qqalcmm-\qqalcmm-\jogoestrategiapoo\jogoestrategiapoo\sala.h(22): note: 'std::string Unidades::getNome(void)': is abstract
  c:\users\dmytro yaremyshyn\desktop\qqalcmm-\qqalcmm-\jogoestrategiapoo\jogoestrategiapoo\unidades.h(12): note: see declaration of 'Unidades::getNome'
  c:\users\dmytro yaremyshyn\desktop\qqalcmm-\qqalcmm-\jogoestrategiapoo\jogoestrategiapoo\sala.h(22): note: 'void Unidades::setNome(std::string)': is abstract
  c:\users\dmytro yaremyshyn\desktop\qqalcmm-\qqalcmm-\jogoestrategiapoo\jogoestrategiapoo\unidades.h(13): note: see declaration of 'Unidades::setNome'
  Jogo.cpp
c:\users\dmytro yaremyshyn\desktop\qqalcmm-\qqalcmm-\jogoestrategiapoo\jogoestrategiapoo\sala.h(20): error C2259: 'Unidades': cannot instantiate abstract class
  c:\users\dmytro yaremyshyn\desktop\qqalcmm-\qqalcmm-\jogoestrategiapoo\jogoestrategiapoo\sala.h(20): note: due to following members:
  c:\users\dmytro yaremyshyn\desktop\qqalcmm-\qqalcmm-\jogoestrategiapoo\jogoestrategiapoo\sala.h(20): note: 'Sala *Unidades::getOndeEstou(void)': is abstract
  c:\users\dmytro yaremyshyn\desktop\qqalcmm-\qqalcmm-\jogoestrategiapoo\jogoestrategiapoo\unidades.h(10): note: see declaration of 'Unidades::getOndeEstou'
  c:\users\dmytro yaremyshyn\desktop\qqalcmm-\qqalcmm-\jogoestrategiapoo\jogoestrategiapoo\sala.h(20): note: 'void Unidades::setOndeEstou(Sala *)': is abstract
  c:\users\dmytro yaremyshyn\desktop\qqalcmm-\qqalcmm-\jogoestrategiapoo\jogoestrategiapoo\unidades.h(11): note: see declaration of 'Unidades::setOndeEstou'
  c:\users\dmytro yaremyshyn\desktop\qqalcmm-\qqalcmm-\jogoestrategiapoo\jogoestrategiapoo\sala.h(20): note: 'std::string Unidades::getNome(void)': is abstract
  c:\users\dmytro yaremyshyn\desktop\qqalcmm-\qqalcmm-\jogoestrategiapoo\jogoestrategiapoo\unidades.h(12): note: see declaration of 'Unidades::getNome'
  c:\users\dmytro yaremyshyn\desktop\qqalcmm-\qqalcmm-\jogoestrategiapoo\jogoestrategiapoo\sala.h(20): note: 'void Unidades::setNome(std::string)': is abstract
  c:\users\dmytro yaremyshyn\desktop\qqalcmm-\qqalcmm-\jogoestrategiapoo\jogoestrategiapoo\unidades.h(13): note: see declaration of 'Unidades::setNome'
c:\users\dmytro yaremyshyn\desktop\qqalcmm-\qqalcmm-\jogoestrategiapoo\jogoestrategiapoo\sala.h(22): error C2259: 'Unidades': cannot instantiate abstract class
  c:\users\dmytro yaremyshyn\desktop\qqalcmm-\qqalcmm-\jogoestrategiapoo\jogoestrategiapoo\sala.h(22): note: due to following members:
  c:\users\dmytro yaremyshyn\desktop\qqalcmm-\qqalcmm-\jogoestrategiapoo\jogoestrategiapoo\sala.h(22): note: 'Sala *Unidades::getOndeEstou(void)': is abstract
  c:\users\dmytro yaremyshyn\desktop\qqalcmm-\qqalcmm-\jogoestrategiapoo\jogoestrategiapoo\unidades.h(10): note: see declaration of 'Unidades::getOndeEstou'
  c:\users\dmytro yaremyshyn\desktop\qqalcmm-\qqalcmm-\jogoestrategiapoo\jogoestrategiapoo\sala.h(22): note: 'void Unidades::setOndeEstou(Sala *)': is abstract
  c:\users\dmytro yaremyshyn\desktop\qqalcmm-\qqalcmm-\jogoestrategiapoo\jogoestrategiapoo\unidades.h(11): note: see declaration of 'Unidades::setOndeEstou'
  c:\users\dmytro yaremyshyn\desktop\qqalcmm-\qqalcmm-\jogoestrategiapoo\jogoestrategiapoo\sala.h(22): note: 'std::string Unidades::getNome(void)': is abstract
  c:\users\dmytro yaremyshyn\desktop\qqalcmm-\qqalcmm-\jogoestrategiapoo\jogoestrategiapoo\unidades.h(12): note: see declaration of 'Unidades::getNome'
  c:\users\dmytro yaremyshyn\desktop\qqalcmm-\qqalcmm-\jogoestrategiapoo\jogoestrategiapoo\sala.h(22): note: 'void Unidades::setNome(std::string)': is abstract
  c:\users\dmytro yaremyshyn\desktop\qqalcmm-\qqalcmm-\jogoestrategiapoo\jogoestrategiapoo\unidades.h(13): note: see declaration of 'Unidades::setNome'
c:\users\dmytro yaremyshyn\desktop\qqalcmm-\qqalcmm-\jogoestrategiapoo\jogoestrategiapoo\jogo.cpp(36): error C2259: 'Tripulante': cannot instantiate abstract class
  c:\users\dmytro yaremyshyn\desktop\qqalcmm-\qqalcmm-\jogoestrategiapoo\jogoestrategiapoo\jogo.cpp(36): note: due to following members:
  c:\users\dmytro yaremyshyn\desktop\qqalcmm-\qqalcmm-\jogoestrategiapoo\jogoestrategiapoo\jogo.cpp(36): note: 'Sala *Unidades::getOndeEstou(void)': is abstract
  c:\users\dmytro yaremyshyn\desktop\qqalcmm-\qqalcmm-\jogoestrategiapoo\jogoestrategiapoo\unidades.h(10): note: see declaration of 'Unidades::getOndeEstou'
  c:\users\dmytro yaremyshyn\desktop\qqalcmm-\qqalcmm-\jogoestrategiapoo\jogoestrategiapoo\jogo.cpp(36): note: 'void Unidades::setOndeEstou(Sala *)': is abstract
  c:\users\dmytro yaremyshyn\desktop\qqalcmm-\qqalcmm-\jogoestrategiapoo\jogoestrategiapoo\unidades.h(11): note: see declaration of 'Unidades::setOndeEstou'
  c:\users\dmytro yaremyshyn\desktop\qqalcmm-\qqalcmm-\jogoestrategiapoo\jogoestrategiapoo\jogo.cpp(36): note: 'std::string Unidades::getNome(void)': is abstract
  c:\users\dmytro yaremyshyn\desktop\qqalcmm-\qqalcmm-\jogoestrategiapoo\jogoestrategiapoo\unidades.h(12): note: see declaration of 'Unidades::getNome'
  c:\users\dmytro yaremyshyn\desktop\qqalcmm-\qqalcmm-\jogoestrategiapoo\jogoestrategiapoo\jogo.cpp(36): note: 'void Unidades::setNome(std::string)': is abstract
  c:\users\dmytro yaremyshyn\desktop\qqalcmm-\qqalcmm-\jogoestrategiapoo\jogoestrategiapoo\unidades.h(13): note: see declaration of 'Unidades::setNome'
c:\users\dmytro yaremyshyn\desktop\qqalcmm-\qqalcmm-\jogoestrategiapoo\jogoestrategiapoo\jogo.cpp(41): warning C4018: '<': signed/unsigned mismatch
c:\users\dmytro yaremyshyn\desktop\qqalcmm-\qqalcmm-\jogoestrategiapoo\jogoestrategiapoo\jogo.cpp(79): error C2259: 'Unidades': cannot instantiate abstract class
  c:\users\dmytro yaremyshyn\desktop\qqalcmm-\qqalcmm-\jogoestrategiapoo\jogoestrategiapoo\jogo.cpp(79): note: due to following members:
  c:\users\dmytro yaremyshyn\desktop\qqalcmm-\qqalcmm-\jogoestrategiapoo\jogoestrategiapoo\jogo.cpp(79): note: 'Sala *Unidades::getOndeEstou(void)': is abstract
  c:\users\dmytro yaremyshyn\desktop\qqalcmm-\qqalcmm-\jogoestrategiapoo\jogoestrategiapoo\unidades.h(10): note: see declaration of 'Unidades::getOndeEstou'
  c:\users\dmytro yaremyshyn\desktop\qqalcmm-\qqalcmm-\jogoestrategiapoo\jogoestrategiapoo\jogo.cpp(79): note: 'void Unidades::setOndeEstou(Sala *)': is abstract
  c:\users\dmytro yaremyshyn\desktop\qqalcmm-\qqalcmm-\jogoestrategiapoo\jogoestrategiapoo\unidades.h(11): note: see declaration of 'Unidades::setOndeEstou'
  c:\users\dmytro yaremyshyn\desktop\qqalcmm-\qqalcmm-\jogoestrategiapoo\jogoestrategiapoo\jogo.cpp(79): note: 'std::string Unidades::getNome(void)': is abstract
  c:\users\dmytro yaremyshyn\desktop\qqalcmm-\qqalcmm-\jogoestrategiapoo\jogoestrategiapoo\unidades.h(12): note: see declaration of 'Unidades::getNome'
  c:\users\dmytro yaremyshyn\desktop\qqalcmm-\qqalcmm-\jogoestrategiapoo\jogoestrategiapoo\jogo.cpp(79): note: 'void Unidades::setNome(std::string)': is abstract
  c:\users\dmytro yaremyshyn\desktop\qqalcmm-\qqalcmm-\jogoestrategiapoo\jogoestrategiapoo\unidades.h(13): note: see declaration of 'Unidades::setNome'
c:\users\dmytro yaremyshyn\desktop\qqalcmm-\qqalcmm-\jogoestrategiapoo\jogoestrategiapoo\jogo.cpp(213): warning C4244: 'argument': conversion from 'time_t' to 'unsigned int', possible loss of data
c:\users\dmytro yaremyshyn\desktop\qqalcmm-\qqalcmm-\jogoestrategiapoo\jogoestrategiapoo\jogo.cpp(237): warning C4018: '<': signed/unsigned mismatch
  ChuvaMeteoritos.cpp
c:\users\dmytro yaremyshyn\desktop\qqalcmm-\qqalcmm-\jogoestrategiapoo\jogoestrategiapoo\sala.h(20): error C2259: 'Unidades': cannot instantiate abstract class
  c:\users\dmytro yaremyshyn\desktop\qqalcmm-\qqalcmm-\jogoestrategiapoo\jogoestrategiapoo\sala.h(20): note: due to following members:
  c:\users\dmytro yaremyshyn\desktop\qqalcmm-\qqalcmm-\jogoestrategiapoo\jogoestrategiapoo\sala.h(20): note: 'Sala *Unidades::getOndeEstou(void)': is abstract
  c:\users\dmytro yaremyshyn\desktop\qqalcmm-\qqalcmm-\jogoestrategiapoo\jogoestrategiapoo\unidades.h(10): note: see declaration of 'Unidades::getOndeEstou'
  c:\users\dmytro yaremyshyn\desktop\qqalcmm-\qqalcmm-\jogoestrategiapoo\jogoestrategiapoo\sala.h(20): note: 'void Unidades::setOndeEstou(Sala *)': is abstract
  c:\users\dmytro yaremyshyn\desktop\qqalcmm-\qqalcmm-\jogoestrategiapoo\jogoestrategiapoo\unidades.h(11): note: see declaration of 'Unidades::setOndeEstou'
  c:\users\dmytro yaremyshyn\desktop\qqalcmm-\qqalcmm-\jogoestrategiapoo\jogoestrategiapoo\sala.h(20): note: 'std::string Unidades::getNome(void)': is abstract
  c:\users\dmytro yaremyshyn\desktop\qqalcmm-\qqalcmm-\jogoestrategiapoo\jogoestrategiapoo\unidades.h(12): note: see declaration of 'Unidades::getNome'
  c:\users\dmytro yaremyshyn\desktop\qqalcmm-\qqalcmm-\jogoestrategiapoo\jogoestrategiapoo\sala.h(20): note: 'void Unidades::setNome(std::string)': is abstract
  c:\users\dmytro yaremyshyn\desktop\qqalcmm-\qqalcmm-\jogoestrategiapoo\jogoestrategiapoo\unidades.h(13): note: see declaration of 'Unidades::setNome'
c:\users\dmytro yaremyshyn\desktop\qqalcmm-\qqalcmm-\jogoestrategiapoo\jogoestrategiapoo\sala.h(22): error C2259: 'Unidades': cannot instantiate abstract class
  c:\users\dmytro yaremyshyn\desktop\qqalcmm-\qqalcmm-\jogoestrategiapoo\jogoestrategiapoo\sala.h(22): note: due to following members:
  c:\users\dmytro yaremyshyn\desktop\qqalcmm-\qqalcmm-\jogoestrategiapoo\jogoestrategiapoo\sala.h(22): note: 'Sala *Unidades::getOndeEstou(void)': is abstract
  c:\users\dmytro yaremyshyn\desktop\qqalcmm-\qqalcmm-\jogoestrategiapoo\jogoestrategiapoo\unidades.h(10): note: see declaration of 'Unidades::getOndeEstou'
  c:\users\dmytro yaremyshyn\desktop\qqalcmm-\qqalcmm-\jogoestrategiapoo\jogoestrategiapoo\sala.h(22): note: 'void Unidades::setOndeEstou(Sala *)': is abstract
  c:\users\dmytro yaremyshyn\desktop\qqalcmm-\qqalcmm-\jogoestrategiapoo\jogoestrategiapoo\unidades.h(11): note: see declaration of 'Unidades::setOndeEstou'
  c:\users\dmytro yaremyshyn\desktop\qqalcmm-\qqalcmm-\jogoestrategiapoo\jogoestrategiapoo\sala.h(22): note: 'std::string Unidades::getNome(void)': is abstract
  c:\users\dmytro yaremyshyn\desktop\qqalcmm-\qqalcmm-\jogoestrategiapoo\jogoestrategiapoo\unidades.h(12): note: see declaration of 'Unidades::getNome'
  c:\users\dmytro yaremyshyn\desktop\qqalcmm-\qqalcmm-\jogoestrategiapoo\jogoestrategiapoo\sala.h(22): note: 'void Unidades::setNome(std::string)': is abstract
  c:\users\dmytro yaremyshyn\desktop\qqalcmm-\qqalcmm-\jogoestrategiapoo\jogoestrategiapoo\unidades.h(13): note: see declaration of 'Unidades::setNome'
  Generating Code...
  Compiling...
  Alojamento_Capitao.cpp
c:\users\dmytro yaremyshyn\desktop\qqalcmm-\qqalcmm-\jogoestrategiapoo\jogoestrategiapoo\sala.h(20): error C2259: 'Unidades': cannot instantiate abstract class
  c:\users\dmytro yaremyshyn\desktop\qqalcmm-\qqalcmm-\jogoestrategiapoo\jogoestrategiapoo\sala.h(20): note: due to following members:
  c:\users\dmytro yaremyshyn\desktop\qqalcmm-\qqalcmm-\jogoestrategiapoo\jogoestrategiapoo\sala.h(20): note: 'Sala *Unidades::getOndeEstou(void)': is abstract
  c:\users\dmytro yaremyshyn\desktop\qqalcmm-\qqalcmm-\jogoestrategiapoo\jogoestrategiapoo\unidades.h(10): note: see declaration of 'Unidades::getOndeEstou'
  c:\users\dmytro yaremyshyn\desktop\qqalcmm-\qqalcmm-\jogoestrategiapoo\jogoestrategiapoo\sala.h(20): note: 'void Unidades::setOndeEstou(Sala *)': is abstract
  c:\users\dmytro yaremyshyn\desktop\qqalcmm-\qqalcmm-\jogoestrategiapoo\jogoestrategiapoo\unidades.h(11): note: see declaration of 'Unidades::setOndeEstou'
  c:\users\dmytro yaremyshyn\desktop\qqalcmm-\qqalcmm-\jogoestrategiapoo\jogoestrategiapoo\sala.h(20): note: 'std::string Unidades::getNome(void)': is abstract
  c:\users\dmytro yaremyshyn\desktop\qqalcmm-\qqalcmm-\jogoestrategiapoo\jogoestrategiapoo\unidades.h(12): note: see declaration of 'Unidades::getNome'
  c:\users\dmytro yaremyshyn\desktop\qqalcmm-\qqalcmm-\jogoestrategiapoo\jogoestrategiapoo\sala.h(20): note: 'void Unidades::setNome(std::string)': is abstract
  c:\users\dmytro yaremyshyn\desktop\qqalcmm-\qqalcmm-\jogoestrategiapoo\jogoestrategiapoo\unidades.h(13): note: see declaration of 'Unidades::setNome'
c:\users\dmytro yaremyshyn\desktop\qqalcmm-\qqalcmm-\jogoestrategiapoo\jogoestrategiapoo\sala.h(22): error C2259: 'Unidades': cannot instantiate abstract class
  c:\users\dmytro yaremyshyn\desktop\qqalcmm-\qqalcmm-\jogoestrategiapoo\jogoestrategiapoo\sala.h(22): note: due to following members:
  c:\users\dmytro yaremyshyn\desktop\qqalcmm-\qqalcmm-\jogoestrategiapoo\jogoestrategiapoo\sala.h(22): note: 'Sala *Unidades::getOndeEstou(void)': is abstract
  c:\users\dmytro yaremyshyn\desktop\qqalcmm-\qqalcmm-\jogoestrategiapoo\jogoestrategiapoo\unidades.h(10): note: see declaration of 'Unidades::getOndeEstou'
  c:\users\dmytro yaremyshyn\desktop\qqalcmm-\qqalcmm-\jogoestrategiapoo\jogoestrategiapoo\sala.h(22): note: 'void Unidades::setOndeEstou(Sala *)': is abstract
  c:\users\dmytro yaremyshyn\desktop\qqalcmm-\qqalcmm-\jogoestrategiapoo\jogoestrategiapoo\unidades.h(11): note: see declaration of 'Unidades::setOndeEstou'
  c:\users\dmytro yaremyshyn\desktop\qqalcmm-\qqalcmm-\jogoestrategiapoo\jogoestrategiapoo\sala.h(22): note: 'std::string Unidades::getNome(void)': is abstract
  c:\users\dmytro yaremyshyn\desktop\qqalcmm-\qqalcmm-\jogoestrategiapoo\jogoestrategiapoo\unidades.h(12): note: see declaration of 'Unidades::getNome'
  c:\users\dmytro yaremyshyn\desktop\qqalcmm-\qqalcmm-\jogoestrategiapoo\jogoestrategiapoo\sala.h(22): note: 'void Unidades::setNome(std::string)': is abstract
  c:\users\dmytro yaremyshyn\desktop\qqalcmm-\qqalcmm-\jogoestrategiapoo\jogoestrategiapoo\unidades.h(13): note: see declaration of 'Unidades::setNome'
  Generating Code...
  Compiling...
  AtaquePiratas.cpp
c:\users\dmytro yaremyshyn\desktop\qqalcmm-\qqalcmm-\jogoestrategiapoo\jogoestrategiapoo\sala.h(20): error C2259: 'Unidades': cannot instantiate abstract class
  c:\users\dmytro yaremyshyn\desktop\qqalcmm-\qqalcmm-\jogoestrategiapoo\jogoestrategiapoo\sala.h(20): note: due to following members:
  c:\users\dmytro yaremyshyn\desktop\qqalcmm-\qqalcmm-\jogoestrategiapoo\jogoestrategiapoo\sala.h(20): note: 'Sala *Unidades::getOndeEstou(void)': is abstract
  c:\users\dmytro yaremyshyn\desktop\qqalcmm-\qqalcmm-\jogoestrategiapoo\jogoestrategiapoo\unidades.h(10): note: see declaration of 'Unidades::getOndeEstou'
  c:\users\dmytro yaremyshyn\desktop\qqalcmm-\qqalcmm-\jogoestrategiapoo\jogoestrategiapoo\sala.h(20): note: 'void Unidades::setOndeEstou(Sala *)': is abstract
  c:\users\dmytro yaremyshyn\desktop\qqalcmm-\qqalcmm-\jogoestrategiapoo\jogoestrategiapoo\unidades.h(11): note: see declaration of 'Unidades::setOndeEstou'
  c:\users\dmytro yaremyshyn\desktop\qqalcmm-\qqalcmm-\jogoestrategiapoo\jogoestrategiapoo\sala.h(20): note: 'std::string Unidades::getNome(void)': is abstract
  c:\users\dmytro yaremyshyn\desktop\qqalcmm-\qqalcmm-\jogoestrategiapoo\jogoestrategiapoo\unidades.h(12): note: see declaration of 'Unidades::getNome'
  c:\users\dmytro yaremyshyn\desktop\qqalcmm-\qqalcmm-\jogoestrategiapoo\jogoestrategiapoo\sala.h(20): note: 'void Unidades::setNome(std::string)': is abstract
  c:\users\dmytro yaremyshyn\desktop\qqalcmm-\qqalcmm-\jogoestrategiapoo\jogoestrategiapoo\unidades.h(13): note: see declaration of 'Unidades::setNome'
c:\users\dmytro yaremyshyn\desktop\qqalcmm-\qqalcmm-\jogoestrategiapoo\jogoestrategiapoo\sala.h(22): error C2259: 'Unidades': cannot instantiate abstract class
  c:\users\dmytro yaremyshyn\desktop\qqalcmm-\qqalcmm-\jogoestrategiapoo\jogoestrategiapoo\sala.h(22): note: due to following members:
  c:\users\dmytro yaremyshyn\desktop\qqalcmm-\qqalcmm-\jogoestrategiapoo\jogoestrategiapoo\sala.h(22): note: 'Sala *Unidades::getOndeEstou(void)': is abstract
  c:\users\dmytro yaremyshyn\desktop\qqalcmm-\qqalcmm-\jogoestrategiapoo\jogoestrategiapoo\unidades.h(10): note: see declaration of 'Unidades::getOndeEstou'
  c:\users\dmytro yaremyshyn\desktop\qqalcmm-\qqalcmm-\jogoestrategiapoo\jogoestrategiapoo\sala.h(22): note: 'void Unidades::setOndeEstou(Sala *)': is abstract
  c:\users\dmytro yaremyshyn\desktop\qqalcmm-\qqalcmm-\jogoestrategiapoo\jogoestrategiapoo\unidades.h(11): note: see declaration of 'Unidades::setOndeEstou'
  c:\users\dmytro yaremyshyn\desktop\qqalcmm-\qqalcmm-\jogoestrategiapoo\jogoestrategiapoo\sala.h(22): note: 'std::string Unidades::getNome(void)': is abstract
  c:\users\dmytro yaremyshyn\desktop\qqalcmm-\qqalcmm-\jogoestrategiapoo\jogoestrategiapoo\unidades.h(12): note: see declaration of 'Unidades::getNome'
  c:\users\dmytro yaremyshyn\desktop\qqalcmm-\qqalcmm-\jogoestrategiapoo\jogoestrategiapoo\sala.h(22): note: 'void Unidades::setNome(std::string)': is abstract
  c:\users\dmytro yaremyshyn\desktop\qqalcmm-\qqalcmm-\jogoestrategiapoo\jogoestrategiapoo\unidades.h(13): note: see declaration of 'Unidades::setNome'
  Generating Code...
  Compiling...
  AtaqueXenomorfo.cpp
c:\users\dmytro yaremyshyn\desktop\qqalcmm-\qqalcmm-\jogoestrategiapoo\jogoestrategiapoo\sala.h(20): error C2259: 'Unidades': cannot instantiate abstract class
  c:\users\dmytro yaremyshyn\desktop\qqalcmm-\qqalcmm-\jogoestrategiapoo\jogoestrategiapoo\sala.h(20): note: due to following members:
  c:\users\dmytro yaremyshyn\desktop\qqalcmm-\qqalcmm-\jogoestrategiapoo\jogoestrategiapoo\sala.h(20): note: 'Sala *Unidades::getOndeEstou(void)': is abstract
  c:\users\dmytro yaremyshyn\desktop\qqalcmm-\qqalcmm-\jogoestrategiapoo\jogoestrategiapoo\unidades.h(10): note: see declaration of 'Unidades::getOndeEstou'
  c:\users\dmytro yaremyshyn\desktop\qqalcmm-\qqalcmm-\jogoestrategiapoo\jogoestrategiapoo\sala.h(20): note: 'void Unidades::setOndeEstou(Sala *)': is abstract
  c:\users\dmytro yaremyshyn\desktop\qqalcmm-\qqalcmm-\jogoestrategiapoo\jogoestrategiapoo\unidades.h(11): note: see declaration of 'Unidades::setOndeEstou'
  c:\users\dmytro yaremyshyn\desktop\qqalcmm-\qqalcmm-\jogoestrategiapoo\jogoestrategiapoo\sala.h(20): note: 'std::string Unidades::getNome(void)': is abstract
  c:\users\dmytro yaremyshyn\desktop\qqalcmm-\qqalcmm-\jogoestrategiapoo\jogoestrategiapoo\unidades.h(12): note: see declaration of 'Unidades::getNome'
  c:\users\dmytro yaremyshyn\desktop\qqalcmm-\qqalcmm-\jogoestrategiapoo\jogoestrategiapoo\sala.h(20): note: 'void Unidades::setNome(std::string)': is abstract
  c:\users\dmytro yaremyshyn\desktop\qqalcmm-\qqalcmm-\jogoestrategiapoo\jogoestrategiapoo\unidades.h(13): note: see declaration of 'Unidades::setNome'
c:\users\dmytro yaremyshyn\desktop\qqalcmm-\qqalcmm-\jogoestrategiapoo\jogoestrategiapoo\sala.h(22): error C2259: 'Unidades': cannot instantiate abstract class
  c:\users\dmytro yaremyshyn\desktop\qqalcmm-\qqalcmm-\jogoestrategiapoo\jogoestrategiapoo\sala.h(22): note: due to following members:
  c:\users\dmytro yaremyshyn\desktop\qqalcmm-\qqalcmm-\jogoestrategiapoo\jogoestrategiapoo\sala.h(22): note: 'Sala *Unidades::getOndeEstou(void)': is abstract
  c:\users\dmytro yaremyshyn\desktop\qqalcmm-\qqalcmm-\jogoestrategiapoo\jogoestrategiapoo\unidades.h(10): note: see declaration of 'Unidades::getOndeEstou'
  c:\users\dmytro yaremyshyn\desktop\qqalcmm-\qqalcmm-\jogoestrategiapoo\jogoestrategiapoo\sala.h(22): note: 'void Unidades::setOndeEstou(Sala *)': is abstract
  c:\users\dmytro yaremyshyn\desktop\qqalcmm-\qqalcmm-\jogoestrategiapoo\jogoestrategiapoo\unidades.h(11): note: see declaration of 'Unidades::setOndeEstou'
  c:\users\dmytro yaremyshyn\desktop\qqalcmm-\qqalcmm-\jogoestrategiapoo\jogoestrategiapoo\sala.h(22): note: 'std::string Unidades::getNome(void)': is abstract
  c:\users\dmytro yaremyshyn\desktop\qqalcmm-\qqalcmm-\jogoestrategiapoo\jogoestrategiapoo\unidades.h(12): note: see declaration of 'Unidades::getNome'
  c:\users\dmytro yaremyshyn\desktop\qqalcmm-\qqalcmm-\jogoestrategiapoo\jogoestrategiapoo\sala.h(22): note: 'void Unidades::setNome(std::string)': is abstract
  c:\users\dmytro yaremyshyn\desktop\qqalcmm-\qqalcmm-\jogoestrategiapoo\jogoestrategiapoo\unidades.h(13): note: see declaration of 'Unidades::setNome'
  Generating Code...
  Compiling...
  Auto_Reparador.cpp
c:\users\dmytro yaremyshyn\desktop\qqalcmm-\qqalcmm-\jogoestrategiapoo\jogoestrategiapoo\sala.h(20): error C2259: 'Unidades': cannot instantiate abstract class
  c:\users\dmytro yaremyshyn\desktop\qqalcmm-\qqalcmm-\jogoestrategiapoo\jogoestrategiapoo\sala.h(20): note: due to following members:
  c:\users\dmytro yaremyshyn\desktop\qqalcmm-\qqalcmm-\jogoestrategiapoo\jogoestrategiapoo\sala.h(20): note: 'Sala *Unidades::getOndeEstou(void)': is abstract
  c:\users\dmytro yaremyshyn\desktop\qqalcmm-\qqalcmm-\jogoestrategiapoo\jogoestrategiapoo\unidades.h(10): note: see declaration of 'Unidades::getOndeEstou'
  c:\users\dmytro yaremyshyn\desktop\qqalcmm-\qqalcmm-\jogoestrategiapoo\jogoestrategiapoo\sala.h(20): note: 'void Unidades::setOndeEstou(Sala *)': is abstract
  c:\users\dmytro yaremyshyn\desktop\qqalcmm-\qqalcmm-\jogoestrategiapoo\jogoestrategiapoo\unidades.h(11): note: see declaration of 'Unidades::setOndeEstou'
  c:\users\dmytro yaremyshyn\desktop\qqalcmm-\qqalcmm-\jogoestrategiapoo\jogoestrategiapoo\sala.h(20): note: 'std::string Unidades::getNome(void)': is abstract
  c:\users\dmytro yaremyshyn\desktop\qqalcmm-\qqalcmm-\jogoestrategiapoo\jogoestrategiapoo\unidades.h(12): note: see declaration of 'Unidades::getNome'
  c:\users\dmytro yaremyshyn\desktop\qqalcmm-\qqalcmm-\jogoestrategiapoo\jogoestrategiapoo\sala.h(20): note: 'void Unidades::setNome(std::string)': is abstract
  c:\users\dmytro yaremyshyn\desktop\qqalcmm-\qqalcmm-\jogoestrategiapoo\jogoestrategiapoo\unidades.h(13): note: see declaration of 'Unidades::setNome'
c:\users\dmytro yaremyshyn\desktop\qqalcmm-\qqalcmm-\jogoestrategiapoo\jogoestrategiapoo\sala.h(22): error C2259: 'Unidades': cannot instantiate abstract class
  c:\users\dmytro yaremyshyn\desktop\qqalcmm-\qqalcmm-\jogoestrategiapoo\jogoestrategiapoo\sala.h(22): note: due to following members:
  c:\users\dmytro yaremyshyn\desktop\qqalcmm-\qqalcmm-\jogoestrategiapoo\jogoestrategiapoo\sala.h(22): note: 'Sala *Unidades::getOndeEstou(void)': is abstract
  c:\users\dmytro yaremyshyn\desktop\qqalcmm-\qqalcmm-\jogoestrategiapoo\jogoestrategiapoo\unidades.h(10): note: see declaration of 'Unidades::getOndeEstou'
  c:\users\dmytro yaremyshyn\desktop\qqalcmm-\qqalcmm-\jogoestrategiapoo\jogoestrategiapoo\sala.h(22): note: 'void Unidades::setOndeEstou(Sala *)': is abstract
  c:\users\dmytro yaremyshyn\desktop\qqalcmm-\qqalcmm-\jogoestrategiapoo\jogoestrategiapoo\unidades.h(11): note: see declaration of 'Unidades::setOndeEstou'
  c:\users\dmytro yaremyshyn\desktop\qqalcmm-\qqalcmm-\jogoestrategiapoo\jogoestrategiapoo\sala.h(22): note: 'std::string Unidades::getNome(void)': is abstract
  c:\users\dmytro yaremyshyn\desktop\qqalcmm-\qqalcmm-\jogoestrategiapoo\jogoestrategiapoo\unidades.h(12): note: see declaration of 'Unidades::getNome'
  c:\users\dmytro yaremyshyn\desktop\qqalcmm-\qqalcmm-\jogoestrategiapoo\jogoestrategiapoo\sala.h(22): note: 'void Unidades::setNome(std::string)': is abstract
  c:\users\dmytro yaremyshyn\desktop\qqalcmm-\qqalcmm-\jogoestrategiapoo\jogoestrategiapoo\unidades.h(13): note: see declaration of 'Unidades::setNome'
  Generating Code...
  Compiling...
  Beliche.cpp
c:\users\dmytro yaremyshyn\desktop\qqalcmm-\qqalcmm-\jogoestrategiapoo\jogoestrategiapoo\sala.h(20): error C2259: 'Unidades': cannot instantiate abstract class
  c:\users\dmytro yaremyshyn\desktop\qqalcmm-\qqalcmm-\jogoestrategiapoo\jogoestrategiapoo\sala.h(20): note: due to following members:
  c:\users\dmytro yaremyshyn\desktop\qqalcmm-\qqalcmm-\jogoestrategiapoo\jogoestrategiapoo\sala.h(20): note: 'Sala *Unidades::getOndeEstou(void)': is abstract
  c:\users\dmytro yaremyshyn\desktop\qqalcmm-\qqalcmm-\jogoestrategiapoo\jogoestrategiapoo\unidades.h(10): note: see declaration of 'Unidades::getOndeEstou'
  c:\users\dmytro yaremyshyn\desktop\qqalcmm-\qqalcmm-\jogoestrategiapoo\jogoestrategiapoo\sala.h(20): note: 'void Unidades::setOndeEstou(Sala *)': is abstract
  c:\users\dmytro yaremyshyn\desktop\qqalcmm-\qqalcmm-\jogoestrategiapoo\jogoestrategiapoo\unidades.h(11): note: see declaration of 'Unidades::setOndeEstou'
  c:\users\dmytro yaremyshyn\desktop\qqalcmm-\qqalcmm-\jogoestrategiapoo\jogoestrategiapoo\sala.h(20): note: 'std::string Unidades::getNome(void)': is abstract
  c:\users\dmytro yaremyshyn\desktop\qqalcmm-\qqalcmm-\jogoestrategiapoo\jogoestrategiapoo\unidades.h(12): note: see declaration of 'Unidades::getNome'
  c:\users\dmytro yaremyshyn\desktop\qqalcmm-\qqalcmm-\jogoestrategiapoo\jogoestrategiapoo\sala.h(20): note: 'void Unidades::setNome(std::string)': is abstract
  c:\users\dmytro yaremyshyn\desktop\qqalcmm-\qqalcmm-\jogoestrategiapoo\jogoestrategiapoo\unidades.h(13): note: see declaration of 'Unidades::setNome'
c:\users\dmytro yaremyshyn\desktop\qqalcmm-\qqalcmm-\jogoestrategiapoo\jogoestrategiapoo\sala.h(22): error C2259: 'Unidades': cannot instantiate abstract class
  c:\users\dmytro yaremyshyn\desktop\qqalcmm-\qqalcmm-\jogoestrategiapoo\jogoestrategiapoo\sala.h(22): note: due to following members:
  c:\users\dmytro yaremyshyn\desktop\qqalcmm-\qqalcmm-\jogoestrategiapoo\jogoestrategiapoo\sala.h(22): note: 'Sala *Unidades::getOndeEstou(void)': is abstract
  c:\users\dmytro yaremyshyn\desktop\qqalcmm-\qqalcmm-\jogoestrategiapoo\jogoestrategiapoo\unidades.h(10): note: see declaration of 'Unidades::getOndeEstou'
  c:\users\dmytro yaremyshyn\desktop\qqalcmm-\qqalcmm-\jogoestrategiapoo\jogoestrategiapoo\sala.h(22): note: 'void Unidades::setOndeEstou(Sala *)': is abstract
  c:\users\dmytro yaremyshyn\desktop\qqalcmm-\qqalcmm-\jogoestrategiapoo\jogoestrategiapoo\unidades.h(11): note: see declaration of 'Unidades::setOndeEstou'
  c:\users\dmytro yaremyshyn\desktop\qqalcmm-\qqalcmm-\jogoestrategiapoo\jogoestrategiapoo\sala.h(22): note: 'std::string Unidades::getNome(void)': is abstract
  c:\users\dmytro yaremyshyn\desktop\qqalcmm-\qqalcmm-\jogoestrategiapoo\jogoestrategiapoo\unidades.h(12): note: see declaration of 'Unidades::getNome'
  c:\users\dmytro yaremyshyn\desktop\qqalcmm-\qqalcmm-\jogoestrategiapoo\jogoestrategiapoo\sala.h(22): note: 'void Unidades::setNome(std::string)': is abstract
  c:\users\dmytro yaremyshyn\desktop\qqalcmm-\qqalcmm-\jogoestrategiapoo\jogoestrategiapoo\unidades.h(13): note: see declaration of 'Unidades::setNome'
  Generating Code...
  Compiling...
  Blob.cpp
  Generating Code...
  Compiling...
  main.cpp
c:\users\dmytro yaremyshyn\desktop\qqalcmm-\qqalcmm-\jogoestrategiapoo\jogoestrategiapoo\sala.h(20): error C2259: 'Unidades': cannot instantiate abstract class
  c:\users\dmytro yaremyshyn\desktop\qqalcmm-\qqalcmm-\jogoestrategiapoo\jogoestrategiapoo\sala.h(20): note: due to following members:
  c:\users\dmytro yaremyshyn\desktop\qqalcmm-\qqalcmm-\jogoestrategiapoo\jogoestrategiapoo\sala.h(20): note: 'Sala *Unidades::getOndeEstou(void)': is abstract
  c:\users\dmytro yaremyshyn\desktop\qqalcmm-\qqalcmm-\jogoestrategiapoo\jogoestrategiapoo\unidades.h(10): note: see declaration of 'Unidades::getOndeEstou'
  c:\users\dmytro yaremyshyn\desktop\qqalcmm-\qqalcmm-\jogoestrategiapoo\jogoestrategiapoo\sala.h(20): note: 'void Unidades::setOndeEstou(Sala *)': is abstract
  c:\users\dmytro yaremyshyn\desktop\qqalcmm-\qqalcmm-\jogoestrategiapoo\jogoestrategiapoo\unidades.h(11): note: see declaration of 'Unidades::setOndeEstou'
  c:\users\dmytro yaremyshyn\desktop\qqalcmm-\qqalcmm-\jogoestrategiapoo\jogoestrategiapoo\sala.h(20): note: 'std::string Unidades::getNome(void)': is abstract
  c:\users\dmytro yaremyshyn\desktop\qqalcmm-\qqalcmm-\jogoestrategiapoo\jogoestrategiapoo\unidades.h(12): note: see declaration of 'Unidades::getNome'
  c:\users\dmytro yaremyshyn\desktop\qqalcmm-\qqalcmm-\jogoestrategiapoo\jogoestrategiapoo\sala.h(20): note: 'void Unidades::setNome(std::string)': is abstract
  c:\users\dmytro yaremyshyn\desktop\qqalcmm-\qqalcmm-\jogoestrategiapoo\jogoestrategiapoo\unidades.h(13): note: see declaration of 'Unidades::setNome'
c:\users\dmytro yaremyshyn\desktop\qqalcmm-\qqalcmm-\jogoestrategiapoo\jogoestrategiapoo\sala.h(22): error C2259: 'Unidades': cannot instantiate abstract class
  c:\users\dmytro yaremyshyn\desktop\qqalcmm-\qqalcmm-\jogoestrategiapoo\jogoestrategiapoo\sala.h(22): note: due to following members:
  c:\users\dmytro yaremyshyn\desktop\qqalcmm-\qqalcmm-\jogoestrategiapoo\jogoestrategiapoo\sala.h(22): note: 'Sala *Unidades::getOndeEstou(void)': is abstract
  c:\users\dmytro yaremyshyn\desktop\qqalcmm-\qqalcmm-\jogoestrategiapoo\jogoestrategiapoo\unidades.h(10): note: see declaration of 'Unidades::getOndeEstou'
  c:\users\dmytro yaremyshyn\desktop\qqalcmm-\qqalcmm-\jogoestrategiapoo\jogoestrategiapoo\sala.h(22): note: 'void Unidades::setOndeEstou(Sala *)': is abstract
  c:\users\dmytro yaremyshyn\desktop\qqalcmm-\qqalcmm-\jogoestrategiapoo\jogoestrategiapoo\unidades.h(11): note: see declaration of 'Unidades::setOndeEstou'
  c:\users\dmytro yaremyshyn\desktop\qqalcmm-\qqalcmm-\jogoestrategiapoo\jogoestrategiapoo\sala.h(22): note: 'std::string Unidades::getNome(void)': is abstract
  c:\users\dmytro yaremyshyn\desktop\qqalcmm-\qqalcmm-\jogoestrategiapoo\jogoestrategiapoo\unidades.h(12): note: see declaration of 'Unidades::getNome'
  c:\users\dmytro yaremyshyn\desktop\qqalcmm-\qqalcmm-\jogoestrategiapoo\jogoestrategiapoo\sala.h(22): note: 'void Unidades::setNome(std::string)': is abstract
  c:\users\dmytro yaremyshyn\desktop\qqalcmm-\qqalcmm-\jogoestrategiapoo\jogoestrategiapoo\unidades.h(13): note: see declaration of 'Unidades::setNome'
  Xenomorfos.cpp
  Unidades.cpp
c:\users\dmytro yaremyshyn\desktop\qqalcmm-\qqalcmm-\jogoestrategiapoo\jogoestrategiapoo\unidades.cpp(5): error C2600: 'Unidades::Unidades': cannot define a compiler-generated special member function (must be declared in the class first)
c:\users\dmytro yaremyshyn\desktop\qqalcmm-\qqalcmm-\jogoestrategiapoo\jogoestrategiapoo\unidades.cpp(10): error C2600: 'Unidades::~Unidades': cannot define a compiler-generated special member function (must be declared in the class first)
  Suporte_Vida.cpp
c:\users\dmytro yaremyshyn\desktop\qqalcmm-\qqalcmm-\jogoestrategiapoo\jogoestrategiapoo\sala.h(20): error C2259: 'Unidades': cannot instantiate abstract class
  c:\users\dmytro yaremyshyn\desktop\qqalcmm-\qqalcmm-\jogoestrategiapoo\jogoestrategiapoo\sala.h(20): note: due to following members:
  c:\users\dmytro yaremyshyn\desktop\qqalcmm-\qqalcmm-\jogoestrategiapoo\jogoestrategiapoo\sala.h(20): note: 'Sala *Unidades::getOndeEstou(void)': is abstract
  c:\users\dmytro yaremyshyn\desktop\qqalcmm-\qqalcmm-\jogoestrategiapoo\jogoestrategiapoo\unidades.h(10): note: see declaration of 'Unidades::getOndeEstou'
  c:\users\dmytro yaremyshyn\desktop\qqalcmm-\qqalcmm-\jogoestrategiapoo\jogoestrategiapoo\sala.h(20): note: 'void Unidades::setOndeEstou(Sala *)': is abstract
  c:\users\dmytro yaremyshyn\desktop\qqalcmm-\qqalcmm-\jogoestrategiapoo\jogoestrategiapoo\unidades.h(11): note: see declaration of 'Unidades::setOndeEstou'
  c:\users\dmytro yaremyshyn\desktop\qqalcmm-\qqalcmm-\jogoestrategiapoo\jogoestrategiapoo\sala.h(20): note: 'std::string Unidades::getNome(void)': is abstract
  c:\users\dmytro yaremyshyn\desktop\qqalcmm-\qqalcmm-\jogoestrategiapoo\jogoestrategiapoo\unidades.h(12): note: see declaration of 'Unidades::getNome'
  c:\users\dmytro yaremyshyn\desktop\qqalcmm-\qqalcmm-\jogoestrategiapoo\jogoestrategiapoo\sala.h(20): note: 'void Unidades::setNome(std::string)': is abstract
  c:\users\dmytro yaremyshyn\desktop\qqalcmm-\qqalcmm-\jogoestrategiapoo\jogoestrategiapoo\unidades.h(13): note: see declaration of 'Unidades::setNome'
c:\users\dmytro yaremyshyn\desktop\qqalcmm-\qqalcmm-\jogoestrategiapoo\jogoestrategiapoo\sala.h(22): error C2259: 'Unidades': cannot instantiate abstract class
  c:\users\dmytro yaremyshyn\desktop\qqalcmm-\qqalcmm-\jogoestrategiapoo\jogoestrategiapoo\sala.h(22): note: due to following members:
  c:\users\dmytro yaremyshyn\desktop\qqalcmm-\qqalcmm-\jogoestrategiapoo\jogoestrategiapoo\sala.h(22): note: 'Sala *Unidades::getOndeEstou(void)': is abstract
  c:\users\dmytro yaremyshyn\desktop\qqalcmm-\qqalcmm-\jogoestrategiapoo\jogoestrategiapoo\unidades.h(10): note: see declaration of 'Unidades::getOndeEstou'
  c:\users\dmytro yaremyshyn\desktop\qqalcmm-\qqalcmm-\jogoestrategiapoo\jogoestrategiapoo\sala.h(22): note: 'void Unidades::setOndeEstou(Sala *)': is abstract
  c:\users\dmytro yaremyshyn\desktop\qqalcmm-\qqalcmm-\jogoestrategiapoo\jogoestrategiapoo\unidades.h(11): note: see declaration of 'Unidades::setOndeEstou'
  c:\users\dmytro yaremyshyn\desktop\qqalcmm-\qqalcmm-\jogoestrategiapoo\jogoestrategiapoo\sala.h(22): note: 'std::string Unidades::getNome(void)': is abstract
  c:\users\dmytro yaremyshyn\desktop\qqalcmm-\qqalcmm-\jogoestrategiapoo\jogoestrategiapoo\unidades.h(12): note: see declaration of 'Unidades::getNome'
  c:\users\dmytro yaremyshyn\desktop\qqalcmm-\qqalcmm-\jogoestrategiapoo\jogoestrategiapoo\sala.h(22): note: 'void Unidades::setNome(std::string)': is abstract
  c:\users\dmytro yaremyshyn\desktop\qqalcmm-\qqalcmm-\jogoestrategiapoo\jogoestrategiapoo\unidades.h(13): note: see declaration of 'Unidades::setNome'
  Sistema_Seguranca_Interno.cpp
c:\users\dmytro yaremyshyn\desktop\qqalcmm-\qqalcmm-\jogoestrategiapoo\jogoestrategiapoo\sala.h(20): error C2259: 'Unidades': cannot instantiate abstract class
  c:\users\dmytro yaremyshyn\desktop\qqalcmm-\qqalcmm-\jogoestrategiapoo\jogoestrategiapoo\sala.h(20): note: due to following members:
  c:\users\dmytro yaremyshyn\desktop\qqalcmm-\qqalcmm-\jogoestrategiapoo\jogoestrategiapoo\sala.h(20): note: 'Sala *Unidades::getOndeEstou(void)': is abstract
  c:\users\dmytro yaremyshyn\desktop\qqalcmm-\qqalcmm-\jogoestrategiapoo\jogoestrategiapoo\unidades.h(10): note: see declaration of 'Unidades::getOndeEstou'
  c:\users\dmytro yaremyshyn\desktop\qqalcmm-\qqalcmm-\jogoestrategiapoo\jogoestrategiapoo\sala.h(20): note: 'void Unidades::setOndeEstou(Sala *)': is abstract
  c:\users\dmytro yaremyshyn\desktop\qqalcmm-\qqalcmm-\jogoestrategiapoo\jogoestrategiapoo\unidades.h(11): note: see declaration of 'Unidades::setOndeEstou'
  c:\users\dmytro yaremyshyn\desktop\qqalcmm-\qqalcmm-\jogoestrategiapoo\jogoestrategiapoo\sala.h(20): note: 'std::string Unidades::getNome(void)': is abstract
  c:\users\dmytro yaremyshyn\desktop\qqalcmm-\qqalcmm-\jogoestrategiapoo\jogoestrategiapoo\unidades.h(12): note: see declaration of 'Unidades::getNome'
  c:\users\dmytro yaremyshyn\desktop\qqalcmm-\qqalcmm-\jogoestrategiapoo\jogoestrategiapoo\sala.h(20): note: 'void Unidades::setNome(std::string)': is abstract
  c:\users\dmytro yaremyshyn\desktop\qqalcmm-\qqalcmm-\jogoestrategiapoo\jogoestrategiapoo\unidades.h(13): note: see declaration of 'Unidades::setNome'
c:\users\dmytro yaremyshyn\desktop\qqalcmm-\qqalcmm-\jogoestrategiapoo\jogoestrategiapoo\sala.h(22): error C2259: 'Unidades': cannot instantiate abstract class
  c:\users\dmytro yaremyshyn\desktop\qqalcmm-\qqalcmm-\jogoestrategiapoo\jogoestrategiapoo\sala.h(22): note: due to following members:
  c:\users\dmytro yaremyshyn\desktop\qqalcmm-\qqalcmm-\jogoestrategiapoo\jogoestrategiapoo\sala.h(22): note: 'Sala *Unidades::getOndeEstou(void)': is abstract
  c:\users\dmytro yaremyshyn\desktop\qqalcmm-\qqalcmm-\jogoestrategiapoo\jogoestrategiapoo\unidades.h(10): note: see declaration of 'Unidades::getOndeEstou'
  c:\users\dmytro yaremyshyn\desktop\qqalcmm-\qqalcmm-\jogoestrategiapoo\jogoestrategiapoo\sala.h(22): note: 'void Unidades::setOndeEstou(Sala *)': is abstract
  c:\users\dmytro yaremyshyn\desktop\qqalcmm-\qqalcmm-\jogoestrategiapoo\jogoestrategiapoo\unidades.h(11): note: see declaration of 'Unidades::setOndeEstou'
  c:\users\dmytro yaremyshyn\desktop\qqalcmm-\qqalcmm-\jogoestrategiapoo\jogoestrategiapoo\sala.h(22): note: 'std::string Unidades::getNome(void)': is abstract
  c:\users\dmytro yaremyshyn\desktop\qqalcmm-\qqalcmm-\jogoestrategiapoo\jogoestrategiapoo\unidades.h(12): note: see declaration of 'Unidades::getNome'
  c:\users\dmytro yaremyshyn\desktop\qqalcmm-\qqalcmm-\jogoestrategiapoo\jogoestrategiapoo\sala.h(22): note: 'void Unidades::setNome(std::string)': is abstract
  c:\users\dmytro yaremyshyn\desktop\qqalcmm-\qqalcmm-\jogoestrategiapoo\jogoestrategiapoo\unidades.h(13): note: see declaration of 'Unidades::setNome'
  Sala_Maquinas.cpp
c:\users\dmytro yaremyshyn\desktop\qqalcmm-\qqalcmm-\jogoestrategiapoo\jogoestrategiapoo\sala.h(20): error C2259: 'Unidades': cannot instantiate abstract class
  c:\users\dmytro yaremyshyn\desktop\qqalcmm-\qqalcmm-\jogoestrategiapoo\jogoestrategiapoo\sala.h(20): note: due to following members:
  c:\users\dmytro yaremyshyn\desktop\qqalcmm-\qqalcmm-\jogoestrategiapoo\jogoestrategiapoo\sala.h(20): note: 'Sala *Unidades::getOndeEstou(void)': is abstract
  c:\users\dmytro yaremyshyn\desktop\qqalcmm-\qqalcmm-\jogoestrategiapoo\jogoestrategiapoo\unidades.h(10): note: see declaration of 'Unidades::getOndeEstou'
  c:\users\dmytro yaremyshyn\desktop\qqalcmm-\qqalcmm-\jogoestrategiapoo\jogoestrategiapoo\sala.h(20): note: 'void Unidades::setOndeEstou(Sala *)': is abstract
  c:\users\dmytro yaremyshyn\desktop\qqalcmm-\qqalcmm-\jogoestrategiapoo\jogoestrategiapoo\unidades.h(11): note: see declaration of 'Unidades::setOndeEstou'
  c:\users\dmytro yaremyshyn\desktop\qqalcmm-\qqalcmm-\jogoestrategiapoo\jogoestrategiapoo\sala.h(20): note: 'std::string Unidades::getNome(void)': is abstract
  c:\users\dmytro yaremyshyn\desktop\qqalcmm-\qqalcmm-\jogoestrategiapoo\jogoestrategiapoo\unidades.h(12): note: see declaration of 'Unidades::getNome'
  c:\users\dmytro yaremyshyn\desktop\qqalcmm-\qqalcmm-\jogoestrategiapoo\jogoestrategiapoo\sala.h(20): note: 'void Unidades::setNome(std::string)': is abstract
  c:\users\dmytro yaremyshyn\desktop\qqalcmm-\qqalcmm-\jogoestrategiapoo\jogoestrategiapoo\unidades.h(13): note: see declaration of 'Unidades::setNome'
c:\users\dmytro yaremyshyn\desktop\qqalcmm-\qqalcmm-\jogoestrategiapoo\jogoestrategiapoo\sala.h(22): error C2259: 'Unidades': cannot instantiate abstract class
  c:\users\dmytro yaremyshyn\desktop\qqalcmm-\qqalcmm-\jogoestrategiapoo\jogoestrategiapoo\sala.h(22): note: due to following members:
  c:\users\dmytro yaremyshyn\desktop\qqalcmm-\qqalcmm-\jogoestrategiapoo\jogoestrategiapoo\sala.h(22): note: 'Sala *Unidades::getOndeEstou(void)': is abstract
  c:\users\dmytro yaremyshyn\desktop\qqalcmm-\qqalcmm-\jogoestrategiapoo\jogoestrategiapoo\unidades.h(10): note: see declaration of 'Unidades::getOndeEstou'
  c:\users\dmytro yaremyshyn\desktop\qqalcmm-\qqalcmm-\jogoestrategiapoo\jogoestrategiapoo\sala.h(22): note: 'void Unidades::setOndeEstou(Sala *)': is abstract
  c:\users\dmytro yaremyshyn\desktop\qqalcmm-\qqalcmm-\jogoestrategiapoo\jogoestrategiapoo\unidades.h(11): note: see declaration of 'Unidades::setOndeEstou'
  c:\users\dmytro yaremyshyn\desktop\qqalcmm-\qqalcmm-\jogoestrategiapoo\jogoestrategiapoo\sala.h(22): note: 'std::string Unidades::getNome(void)': is abstract
  c:\users\dmytro yaremyshyn\desktop\qqalcmm-\qqalcmm-\jogoestrategiapoo\jogoestrategiapoo\unidades.h(12): note: see declaration of 'Unidades::getNome'
  c:\users\dmytro yaremyshyn\desktop\qqalcmm-\qqalcmm-\jogoestrategiapoo\jogoestrategiapoo\sala.h(22): note: 'void Unidades::setNome(std::string)': is abstract
  c:\users\dmytro yaremyshyn\desktop\qqalcmm-\qqalcmm-\jogoestrategiapoo\jogoestrategiapoo\unidades.h(13): note: see declaration of 'Unidades::setNome'
  Sala_Armas.cpp
c:\users\dmytro yaremyshyn\desktop\qqalcmm-\qqalcmm-\jogoestrategiapoo\jogoestrategiapoo\sala.h(20): error C2259: 'Unidades': cannot instantiate abstract class
  c:\users\dmytro yaremyshyn\desktop\qqalcmm-\qqalcmm-\jogoestrategiapoo\jogoestrategiapoo\sala.h(20): note: due to following members:
  c:\users\dmytro yaremyshyn\desktop\qqalcmm-\qqalcmm-\jogoestrategiapoo\jogoestrategiapoo\sala.h(20): note: 'Sala *Unidades::getOndeEstou(void)': is abstract
  c:\users\dmytro yaremyshyn\desktop\qqalcmm-\qqalcmm-\jogoestrategiapoo\jogoestrategiapoo\unidades.h(10): note: see declaration of 'Unidades::getOndeEstou'
  c:\users\dmytro yaremyshyn\desktop\qqalcmm-\qqalcmm-\jogoestrategiapoo\jogoestrategiapoo\sala.h(20): note: 'void Unidades::setOndeEstou(Sala *)': is abstract
  c:\users\dmytro yaremyshyn\desktop\qqalcmm-\qqalcmm-\jogoestrategiapoo\jogoestrategiapoo\unidades.h(11): note: see declaration of 'Unidades::setOndeEstou'
  c:\users\dmytro yaremyshyn\desktop\qqalcmm-\qqalcmm-\jogoestrategiapoo\jogoestrategiapoo\sala.h(20): note: 'std::string Unidades::getNome(void)': is abstract
  c:\users\dmytro yaremyshyn\desktop\qqalcmm-\qqalcmm-\jogoestrategiapoo\jogoestrategiapoo\unidades.h(12): note: see declaration of 'Unidades::getNome'
  c:\users\dmytro yaremyshyn\desktop\qqalcmm-\qqalcmm-\jogoestrategiapoo\jogoestrategiapoo\sala.h(20): note: 'void Unidades::setNome(std::string)': is abstract
  c:\users\dmytro yaremyshyn\desktop\qqalcmm-\qqalcmm-\jogoestrategiapoo\jogoestrategiapoo\unidades.h(13): note: see declaration of 'Unidades::setNome'
c:\users\dmytro yaremyshyn\desktop\qqalcmm-\qqalcmm-\jogoestrategiapoo\jogoestrategiapoo\sala.h(22): error C2259: 'Unidades': cannot instantiate abstract class
  c:\users\dmytro yaremyshyn\desktop\qqalcmm-\qqalcmm-\jogoestrategiapoo\jogoestrategiapoo\sala.h(22): note: due to following members:
  c:\users\dmytro yaremyshyn\desktop\qqalcmm-\qqalcmm-\jogoestrategiapoo\jogoestrategiapoo\sala.h(22): note: 'Sala *Unidades::getOndeEstou(void)': is abstract
  c:\users\dmytro yaremyshyn\desktop\qqalcmm-\qqalcmm-\jogoestrategiapoo\jogoestrategiapoo\unidades.h(10): note: see declaration of 'Unidades::getOndeEstou'
  c:\users\dmytro yaremyshyn\desktop\qqalcmm-\qqalcmm-\jogoestrategiapoo\jogoestrategiapoo\sala.h(22): note: 'void Unidades::setOndeEstou(Sala *)': is abstract
  c:\users\dmytro yaremyshyn\desktop\qqalcmm-\qqalcmm-\jogoestrategiapoo\jogoestrategiapoo\unidades.h(11): note: see declaration of 'Unidades::setOndeEstou'
  c:\users\dmytro yaremyshyn\desktop\qqalcmm-\qqalcmm-\jogoestrategiapoo\jogoestrategiapoo\sala.h(22): note: 'std::string Unidades::getNome(void)': is abstract
  c:\users\dmytro yaremyshyn\desktop\qqalcmm-\qqalcmm-\jogoestrategiapoo\jogoestrategiapoo\unidades.h(12): note: see declaration of 'Unidades::getNome'
  c:\users\dmytro yaremyshyn\desktop\qqalcmm-\qqalcmm-\jogoestrategiapoo\jogoestrategiapoo\sala.h(22): note: 'void Unidades::setNome(std::string)': is abstract
  c:\users\dmytro yaremyshyn\desktop\qqalcmm-\qqalcmm-\jogoestrategiapoo\jogoestrategiapoo\unidades.h(13): note: see declaration of 'Unidades::setNome'
  Sala.cpp
c:\users\dmytro yaremyshyn\desktop\qqalcmm-\qqalcmm-\jogoestrategiapoo\jogoestrategiapoo\sala.h(20): error C2259: 'Unidades': cannot instantiate abstract class
  c:\users\dmytro yaremyshyn\desktop\qqalcmm-\qqalcmm-\jogoestrategiapoo\jogoestrategiapoo\sala.h(20): note: due to following members:
  c:\users\dmytro yaremyshyn\desktop\qqalcmm-\qqalcmm-\jogoestrategiapoo\jogoestrategiapoo\sala.h(20): note: 'Sala *Unidades::getOndeEstou(void)': is abstract
  c:\users\dmytro yaremyshyn\desktop\qqalcmm-\qqalcmm-\jogoestrategiapoo\jogoestrategiapoo\unidades.h(10): note: see declaration of 'Unidades::getOndeEstou'
  c:\users\dmytro yaremyshyn\desktop\qqalcmm-\qqalcmm-\jogoestrategiapoo\jogoestrategiapoo\sala.h(20): note: 'void Unidades::setOndeEstou(Sala *)': is abstract
  c:\users\dmytro yaremyshyn\desktop\qqalcmm-\qqalcmm-\jogoestrategiapoo\jogoestrategiapoo\unidades.h(11): note: see declaration of 'Unidades::setOndeEstou'
  c:\users\dmytro yaremyshyn\desktop\qqalcmm-\qqalcmm-\jogoestrategiapoo\jogoestrategiapoo\sala.h(20): note: 'std::string Unidades::getNome(void)': is abstract
  c:\users\dmytro yaremyshyn\desktop\qqalcmm-\qqalcmm-\jogoestrategiapoo\jogoestrategiapoo\unidades.h(12): note: see declaration of 'Unidades::getNome'
  c:\users\dmytro yaremyshyn\desktop\qqalcmm-\qqalcmm-\jogoestrategiapoo\jogoestrategiapoo\sala.h(20): note: 'void Unidades::setNome(std::string)': is abstract
  c:\users\dmytro yaremyshyn\desktop\qqalcmm-\qqalcmm-\jogoestrategiapoo\jogoestrategiapoo\unidades.h(13): note: see declaration of 'Unidades::setNome'
c:\users\dmytro yaremyshyn\desktop\qqalcmm-\qqalcmm-\jogoestrategiapoo\jogoestrategiapoo\sala.h(22): error C2259: 'Unidades': cannot instantiate abstract class
  c:\users\dmytro yaremyshyn\desktop\qqalcmm-\qqalcmm-\jogoestrategiapoo\jogoestrategiapoo\sala.h(22): note: due to following members:
  c:\users\dmytro yaremyshyn\desktop\qqalcmm-\qqalcmm-\jogoestrategiapoo\jogoestrategiapoo\sala.h(22): note: 'Sala *Unidades::getOndeEstou(void)': is abstract
  c:\users\dmytro yaremyshyn\desktop\qqalcmm-\qqalcmm-\jogoestrategiapoo\jogoestrategiapoo\unidades.h(10): note: see declaration of 'Unidades::getOndeEstou'
  c:\users\dmytro yaremyshyn\desktop\qqalcmm-\qqalcmm-\jogoestrategiapoo\jogoestrategiapoo\sala.h(22): note: 'void Unidades::setOndeEstou(Sala *)': is abstract
  c:\users\dmytro yaremyshyn\desktop\qqalcmm-\qqalcmm-\jogoestrategiapoo\jogoestrategiapoo\unidades.h(11): note: see declaration of 'Unidades::setOndeEstou'
  c:\users\dmytro yaremyshyn\desktop\qqalcmm-\qqalcmm-\jogoestrategiapoo\jogoestrategiapoo\sala.h(22): note: 'std::string Unidades::getNome(void)': is abstract
  c:\users\dmytro yaremyshyn\desktop\qqalcmm-\qqalcmm-\jogoestrategiapoo\jogoestrategiapoo\unidades.h(12): note: see declaration of 'Unidades::getNome'
  c:\users\dmytro yaremyshyn\desktop\qqalcmm-\qqalcmm-\jogoestrategiapoo\jogoestrategiapoo\sala.h(22): note: 'void Unidades::setNome(std::string)': is abstract
  c:\users\dmytro yaremyshyn\desktop\qqalcmm-\qqalcmm-\jogoestrategiapoo\jogoestrategiapoo\unidades.h(13): note: see declaration of 'Unidades::setNome'
c:\users\dmytro yaremyshyn\desktop\qqalcmm-\qqalcmm-\jogoestrategiapoo\jogoestrategiapoo\sala.cpp(16): warning C4018: '<': signed/unsigned mismatch
c:\users\dmytro yaremyshyn\desktop\qqalcmm-\qqalcmm-\jogoestrategiapoo\jogoestrategiapoo\sala.cpp(23): warning C4018: '<': signed/unsigned mismatch
c:\users\dmytro yaremyshyn\desktop\qqalcmm-\qqalcmm-\jogoestrategiapoo\jogoestrategiapoo\sala.cpp(30): error C2259: 'Unidades': cannot instantiate abstract class
  c:\users\dmytro yaremyshyn\desktop\qqalcmm-\qqalcmm-\jogoestrategiapoo\jogoestrategiapoo\sala.cpp(30): note: due to following members:
  c:\users\dmytro yaremyshyn\desktop\qqalcmm-\qqalcmm-\jogoestrategiapoo\jogoestrategiapoo\sala.cpp(30): note: 'Sala *Unidades::getOndeEstou(void)': is abstract
  c:\users\dmytro yaremyshyn\desktop\qqalcmm-\qqalcmm-\jogoestrategiapoo\jogoestrategiapoo\unidades.h(10): note: see declaration of 'Unidades::getOndeEstou'
  c:\users\dmytro yaremyshyn\desktop\qqalcmm-\qqalcmm-\jogoestrategiapoo\jogoestrategiapoo\sala.cpp(30): note: 'void Unidades::setOndeEstou(Sala *)': is abstract
  c:\users\dmytro yaremyshyn\desktop\qqalcmm-\qqalcmm-\jogoestrategiapoo\jogoestrategiapoo\unidades.h(11): note: see declaration of 'Unidades::setOndeEstou'
  c:\users\dmytro yaremyshyn\desktop\qqalcmm-\qqalcmm-\jogoestrategiapoo\jogoestrategiapoo\sala.cpp(30): note: 'std::string Unidades::getNome(void)': is abstract
  c:\users\dmytro yaremyshyn\desktop\qqalcmm-\qqalcmm-\jogoestrategiapoo\jogoestrategiapoo\unidades.h(12): note: see declaration of 'Unidades::getNome'
  c:\users\dmytro yaremyshyn\desktop\qqalcmm-\qqalcmm-\jogoestrategiapoo\jogoestrategiapoo\sala.cpp(30): note: 'void Unidades::setNome(std::string)': is abstract
  c:\users\dmytro yaremyshyn\desktop\qqalcmm-\qqalcmm-\jogoestrategiapoo\jogoestrategiapoo\unidades.h(13): note: see declaration of 'Unidades::setNome'
c:\users\dmytro yaremyshyn\desktop\qqalcmm-\qqalcmm-\jogoestrategiapoo\jogoestrategiapoo\sala.cpp(31): warning C4018: '<': signed/unsigned mismatch
c:\users\dmytro yaremyshyn\desktop\qqalcmm-\qqalcmm-\jogoestrategiapoo\jogoestrategiapoo\sala.cpp(34): error C2259: 'Unidades': cannot instantiate abstract class
  c:\users\dmytro yaremyshyn\desktop\qqalcmm-\qqalcmm-\jogoestrategiapoo\jogoestrategiapoo\sala.cpp(34): note: due to following members:
  c:\users\dmytro yaremyshyn\desktop\qqalcmm-\qqalcmm-\jogoestrategiapoo\jogoestrategiapoo\sala.cpp(34): note: 'Sala *Unidades::getOndeEstou(void)': is abstract
  c:\users\dmytro yaremyshyn\desktop\qqalcmm-\qqalcmm-\jogoestrategiapoo\jogoestrategiapoo\unidades.h(10): note: see declaration of 'Unidades::getOndeEstou'
  c:\users\dmytro yaremyshyn\desktop\qqalcmm-\qqalcmm-\jogoestrategiapoo\jogoestrategiapoo\sala.cpp(34): note: 'void Unidades::setOndeEstou(Sala *)': is abstract
  c:\users\dmytro yaremyshyn\desktop\qqalcmm-\qqalcmm-\jogoestrategiapoo\jogoestrategiapoo\unidades.h(11): note: see declaration of 'Unidades::setOndeEstou'
  c:\users\dmytro yaremyshyn\desktop\qqalcmm-\qqalcmm-\jogoestrategiapoo\jogoestrategiapoo\sala.cpp(34): note: 'std::string Unidades::getNome(void)': is abstract
  c:\users\dmytro yaremyshyn\desktop\qqalcmm-\qqalcmm-\jogoestrategiapoo\jogoestrategiapoo\unidades.h(12): note: see declaration of 'Unidades::getNome'
  c:\users\dmytro yaremyshyn\desktop\qqalcmm-\qqalcmm-\jogoestrategiapoo\jogoestrategiapoo\sala.cpp(34): note: 'void Unidades::setNome(std::string)': is abstract
  c:\users\dmytro yaremyshyn\desktop\qqalcmm-\qqalcmm-\jogoestrategiapoo\jogoestrategiapoo\unidades.h(13): note: see declaration of 'Unidades::setNome'
c:\users\dmytro yaremyshyn\desktop\qqalcmm-\qqalcmm-\jogoestrategiapoo\jogoestrategiapoo\sala.cpp(56): error C2259: 'Unidades': cannot instantiate abstract class
  c:\users\dmytro yaremyshyn\desktop\qqalcmm-\qqalcmm-\jogoestrategiapoo\jogoestrategiapoo\sala.cpp(56): note: due to following members:
  c:\users\dmytro yaremyshyn\desktop\qqalcmm-\qqalcmm-\jogoestrategiapoo\jogoestrategiapoo\sala.cpp(56): note: 'Sala *Unidades::getOndeEstou(void)': is abstract
  c:\users\dmytro yaremyshyn\desktop\qqalcmm-\qqalcmm-\jogoestrategiapoo\jogoestrategiapoo\unidades.h(10): note: see declaration of 'Unidades::getOndeEstou'
  c:\users\dmytro yaremyshyn\desktop\qqalcmm-\qqalcmm-\jogoestrategiapoo\jogoestrategiapoo\sala.cpp(56): note: 'void Unidades::setOndeEstou(Sala *)': is abstract
  c:\users\dmytro yaremyshyn\desktop\qqalcmm-\qqalcmm-\jogoestrategiapoo\jogoestrategiapoo\unidades.h(11): note: see declaration of 'Unidades::setOndeEstou'
  c:\users\dmytro yaremyshyn\desktop\qqalcmm-\qqalcmm-\jogoestrategiapoo\jogoestrategiapoo\sala.cpp(56): note: 'std::string Unidades::getNome(void)': is abstract
  c:\users\dmytro yaremyshyn\desktop\qqalcmm-\qqalcmm-\jogoestrategiapoo\jogoestrategiapoo\unidades.h(12): note: see declaration of 'Unidades::getNome'
  c:\users\dmytro yaremyshyn\desktop\qqalcmm-\qqalcmm-\jogoestrategiapoo\jogoestrategiapoo\sala.cpp(56): note: 'void Unidades::setNome(std::string)': is abstract
  c:\users\dmytro yaremyshyn\desktop\qqalcmm-\qqalcmm-\jogoestrategiapoo\jogoestrategiapoo\unidades.h(13): note: see declaration of 'Unidades::setNome'
  Robot.cpp
  Raio_Laser.cpp
c:\users\dmytro yaremyshyn\desktop\qqalcmm-\qqalcmm-\jogoestrategiapoo\jogoestrategiapoo\sala.h(20): error C2259: 'Unidades': cannot instantiate abstract class
  c:\users\dmytro yaremyshyn\desktop\qqalcmm-\qqalcmm-\jogoestrategiapoo\jogoestrategiapoo\sala.h(20): note: due to following members:
  c:\users\dmytro yaremyshyn\desktop\qqalcmm-\qqalcmm-\jogoestrategiapoo\jogoestrategiapoo\sala.h(20): note: 'Sala *Unidades::getOndeEstou(void)': is abstract
  c:\users\dmytro yaremyshyn\desktop\qqalcmm-\qqalcmm-\jogoestrategiapoo\jogoestrategiapoo\unidades.h(10): note: see declaration of 'Unidades::getOndeEstou'
  c:\users\dmytro yaremyshyn\desktop\qqalcmm-\qqalcmm-\jogoestrategiapoo\jogoestrategiapoo\sala.h(20): note: 'void Unidades::setOndeEstou(Sala *)': is abstract
  c:\users\dmytro yaremyshyn\desktop\qqalcmm-\qqalcmm-\jogoestrategiapoo\jogoestrategiapoo\unidades.h(11): note: see declaration of 'Unidades::setOndeEstou'
  c:\users\dmytro yaremyshyn\desktop\qqalcmm-\qqalcmm-\jogoestrategiapoo\jogoestrategiapoo\sala.h(20): note: 'std::string Unidades::getNome(void)': is abstract
  c:\users\dmytro yaremyshyn\desktop\qqalcmm-\qqalcmm-\jogoestrategiapoo\jogoestrategiapoo\unidades.h(12): note: see declaration of 'Unidades::getNome'
  c:\users\dmytro yaremyshyn\desktop\qqalcmm-\qqalcmm-\jogoestrategiapoo\jogoestrategiapoo\sala.h(20): note: 'void Unidades::setNome(std::string)': is abstract
  c:\users\dmytro yaremyshyn\desktop\qqalcmm-\qqalcmm-\jogoestrategiapoo\jogoestrategiapoo\unidades.h(13): note: see declaration of 'Unidades::setNome'
c:\users\dmytro yaremyshyn\desktop\qqalcmm-\qqalcmm-\jogoestrategiapoo\jogoestrategiapoo\sala.h(22): error C2259: 'Unidades': cannot instantiate abstract class
  c:\users\dmytro yaremyshyn\desktop\qqalcmm-\qqalcmm-\jogoestrategiapoo\jogoestrategiapoo\sala.h(22): note: due to following members:
  c:\users\dmytro yaremyshyn\desktop\qqalcmm-\qqalcmm-\jogoestrategiapoo\jogoestrategiapoo\sala.h(22): note: 'Sala *Unidades::getOndeEstou(void)': is abstract
  c:\users\dmytro yaremyshyn\desktop\qqalcmm-\qqalcmm-\jogoestrategiapoo\jogoestrategiapoo\unidades.h(10): note: see declaration of 'Unidades::getOndeEstou'
  c:\users\dmytro yaremyshyn\desktop\qqalcmm-\qqalcmm-\jogoestrategiapoo\jogoestrategiapoo\sala.h(22): note: 'void Unidades::setOndeEstou(Sala *)': is abstract
  c:\users\dmytro yaremyshyn\desktop\qqalcmm-\qqalcmm-\jogoestrategiapoo\jogoestrategiapoo\unidades.h(11): note: see declaration of 'Unidades::setOndeEstou'
  c:\users\dmytro yaremyshyn\desktop\qqalcmm-\qqalcmm-\jogoestrategiapoo\jogoestrategiapoo\sala.h(22): note: 'std::string Unidades::getNome(void)': is abstract
  c:\users\dmytro yaremyshyn\desktop\qqalcmm-\qqalcmm-\jogoestrategiapoo\jogoestrategiapoo\unidades.h(12): note: see declaration of 'Unidades::getNome'
  c:\users\dmytro yaremyshyn\desktop\qqalcmm-\qqalcmm-\jogoestrategiapoo\jogoestrategiapoo\sala.h(22): note: 'void Unidades::setNome(std::string)': is abstract
  c:\users\dmytro yaremyshyn\desktop\qqalcmm-\qqalcmm-\jogoestrategiapoo\jogoestrategiapoo\unidades.h(13): note: see declaration of 'Unidades::setNome'
  Propulsor_Adicional.cpp
c:\users\dmytro yaremyshyn\desktop\qqalcmm-\qqalcmm-\jogoestrategiapoo\jogoestrategiapoo\sala.h(20): error C2259: 'Unidades': cannot instantiate abstract class
  c:\users\dmytro yaremyshyn\desktop\qqalcmm-\qqalcmm-\jogoestrategiapoo\jogoestrategiapoo\sala.h(20): note: due to following members:
  c:\users\dmytro yaremyshyn\desktop\qqalcmm-\qqalcmm-\jogoestrategiapoo\jogoestrategiapoo\sala.h(20): note: 'Sala *Unidades::getOndeEstou(void)': is abstract
  c:\users\dmytro yaremyshyn\desktop\qqalcmm-\qqalcmm-\jogoestrategiapoo\jogoestrategiapoo\unidades.h(10): note: see declaration of 'Unidades::getOndeEstou'
  c:\users\dmytro yaremyshyn\desktop\qqalcmm-\qqalcmm-\jogoestrategiapoo\jogoestrategiapoo\sala.h(20): note: 'void Unidades::setOndeEstou(Sala *)': is abstract
  c:\users\dmytro yaremyshyn\desktop\qqalcmm-\qqalcmm-\jogoestrategiapoo\jogoestrategiapoo\unidades.h(11): note: see declaration of 'Unidades::setOndeEstou'
  c:\users\dmytro yaremyshyn\desktop\qqalcmm-\qqalcmm-\jogoestrategiapoo\jogoestrategiapoo\sala.h(20): note: 'std::string Unidades::getNome(void)': is abstract
  c:\users\dmytro yaremyshyn\desktop\qqalcmm-\qqalcmm-\jogoestrategiapoo\jogoestrategiapoo\unidades.h(12): note: see declaration of 'Unidades::getNome'
  c:\users\dmytro yaremyshyn\desktop\qqalcmm-\qqalcmm-\jogoestrategiapoo\jogoestrategiapoo\sala.h(20): note: 'void Unidades::setNome(std::string)': is abstract
  c:\users\dmytro yaremyshyn\desktop\qqalcmm-\qqalcmm-\jogoestrategiapoo\jogoestrategiapoo\unidades.h(13): note: see declaration of 'Unidades::setNome'
c:\users\dmytro yaremyshyn\desktop\qqalcmm-\qqalcmm-\jogoestrategiapoo\jogoestrategiapoo\sala.h(22): error C2259: 'Unidades': cannot instantiate abstract class
  c:\users\dmytro yaremyshyn\desktop\qqalcmm-\qqalcmm-\jogoestrategiapoo\jogoestrategiapoo\sala.h(22): note: due to following members:
  c:\users\dmytro yaremyshyn\desktop\qqalcmm-\qqalcmm-\jogoestrategiapoo\jogoestrategiapoo\sala.h(22): note: 'Sala *Unidades::getOndeEstou(void)': is abstract
  c:\users\dmytro yaremyshyn\desktop\qqalcmm-\qqalcmm-\jogoestrategiapoo\jogoestrategiapoo\unidades.h(10): note: see declaration of 'Unidades::getOndeEstou'
  c:\users\dmytro yaremyshyn\desktop\qqalcmm-\qqalcmm-\jogoestrategiapoo\jogoestrategiapoo\sala.h(22): note: 'void Unidades::setOndeEstou(Sala *)': is abstract
  c:\users\dmytro yaremyshyn\desktop\qqalcmm-\qqalcmm-\jogoestrategiapoo\jogoestrategiapoo\unidades.h(11): note: see declaration of 'Unidades::setOndeEstou'
  c:\users\dmytro yaremyshyn\desktop\qqalcmm-\qqalcmm-\jogoestrategiapoo\jogoestrategiapoo\sala.h(22): note: 'std::string Unidades::getNome(void)': is abstract
  c:\users\dmytro yaremyshyn\desktop\qqalcmm-\qqalcmm-\jogoestrategiapoo\jogoestrategiapoo\unidades.h(12): note: see declaration of 'Unidades::getNome'
  c:\users\dmytro yaremyshyn\desktop\qqalcmm-\qqalcmm-\jogoestrategiapoo\jogoestrategiapoo\sala.h(22): note: 'void Unidades::setNome(std::string)': is abstract
  c:\users\dmytro yaremyshyn\desktop\qqalcmm-\qqalcmm-\jogoestrategiapoo\jogoestrategiapoo\unidades.h(13): note: see declaration of 'Unidades::setNome'
  Propulsor.cpp
c:\users\dmytro yaremyshyn\desktop\qqalcmm-\qqalcmm-\jogoestrategiapoo\jogoestrategiapoo\sala.h(20): error C2259: 'Unidades': cannot instantiate abstract class
  c:\users\dmytro yaremyshyn\desktop\qqalcmm-\qqalcmm-\jogoestrategiapoo\jogoestrategiapoo\sala.h(20): note: due to following members:
  c:\users\dmytro yaremyshyn\desktop\qqalcmm-\qqalcmm-\jogoestrategiapoo\jogoestrategiapoo\sala.h(20): note: 'Sala *Unidades::getOndeEstou(void)': is abstract
  c:\users\dmytro yaremyshyn\desktop\qqalcmm-\qqalcmm-\jogoestrategiapoo\jogoestrategiapoo\unidades.h(10): note: see declaration of 'Unidades::getOndeEstou'
  c:\users\dmytro yaremyshyn\desktop\qqalcmm-\qqalcmm-\jogoestrategiapoo\jogoestrategiapoo\sala.h(20): note: 'void Unidades::setOndeEstou(Sala *)': is abstract
  c:\users\dmytro yaremyshyn\desktop\qqalcmm-\qqalcmm-\jogoestrategiapoo\jogoestrategiapoo\unidades.h(11): note: see declaration of 'Unidades::setOndeEstou'
  c:\users\dmytro yaremyshyn\desktop\qqalcmm-\qqalcmm-\jogoestrategiapoo\jogoestrategiapoo\sala.h(20): note: 'std::string Unidades::getNome(void)': is abstract
  c:\users\dmytro yaremyshyn\desktop\qqalcmm-\qqalcmm-\jogoestrategiapoo\jogoestrategiapoo\unidades.h(12): note: see declaration of 'Unidades::getNome'
  c:\users\dmytro yaremyshyn\desktop\qqalcmm-\qqalcmm-\jogoestrategiapoo\jogoestrategiapoo\sala.h(20): note: 'void Unidades::setNome(std::string)': is abstract
  c:\users\dmytro yaremyshyn\desktop\qqalcmm-\qqalcmm-\jogoestrategiapoo\jogoestrategiapoo\unidades.h(13): note: see declaration of 'Unidades::setNome'
c:\users\dmytro yaremyshyn\desktop\qqalcmm-\qqalcmm-\jogoestrategiapoo\jogoestrategiapoo\sala.h(22): error C2259: 'Unidades': cannot instantiate abstract class
  c:\users\dmytro yaremyshyn\desktop\qqalcmm-\qqalcmm-\jogoestrategiapoo\jogoestrategiapoo\sala.h(22): note: due to following members:
  c:\users\dmytro yaremyshyn\desktop\qqalcmm-\qqalcmm-\jogoestrategiapoo\jogoestrategiapoo\sala.h(22): note: 'Sala *Unidades::getOndeEstou(void)': is abstract
  c:\users\dmytro yaremyshyn\desktop\qqalcmm-\qqalcmm-\jogoestrategiapoo\jogoestrategiapoo\unidades.h(10): note: see declaration of 'Unidades::getOndeEstou'
  c:\users\dmytro yaremyshyn\desktop\qqalcmm-\qqalcmm-\jogoestrategiapoo\jogoestrategiapoo\sala.h(22): note: 'void Unidades::setOndeEstou(Sala *)': is abstract
  c:\users\dmytro yaremyshyn\desktop\qqalcmm-\qqalcmm-\jogoestrategiapoo\jogoestrategiapoo\unidades.h(11): note: see declaration of 'Unidades::setOndeEstou'
  c:\users\dmytro yaremyshyn\desktop\qqalcmm-\qqalcmm-\jogoestrategiapoo\jogoestrategiapoo\sala.h(22): note: 'std::string Unidades::getNome(void)': is abstract
  c:\users\dmytro yaremyshyn\desktop\qqalcmm-\qqalcmm-\jogoestrategiapoo\jogoestrategiapoo\unidades.h(12): note: see declaration of 'Unidades::getNome'
  c:\users\dmytro yaremyshyn\desktop\qqalcmm-\qqalcmm-\jogoestrategiapoo\jogoestrategiapoo\sala.h(22): note: 'void Unidades::setNome(std::string)': is abstract
  c:\users\dmytro yaremyshyn\desktop\qqalcmm-\qqalcmm-\jogoestrategiapoo\jogoestrategiapoo\unidades.h(13): note: see declaration of 'Unidades::setNome'
  Ponte.cpp
c:\users\dmytro yaremyshyn\desktop\qqalcmm-\qqalcmm-\jogoestrategiapoo\jogoestrategiapoo\sala.h(20): error C2259: 'Unidades': cannot instantiate abstract class
  c:\users\dmytro yaremyshyn\desktop\qqalcmm-\qqalcmm-\jogoestrategiapoo\jogoestrategiapoo\sala.h(20): note: due to following members:
  c:\users\dmytro yaremyshyn\desktop\qqalcmm-\qqalcmm-\jogoestrategiapoo\jogoestrategiapoo\sala.h(20): note: 'Sala *Unidades::getOndeEstou(void)': is abstract
  c:\users\dmytro yaremyshyn\desktop\qqalcmm-\qqalcmm-\jogoestrategiapoo\jogoestrategiapoo\unidades.h(10): note: see declaration of 'Unidades::getOndeEstou'
  c:\users\dmytro yaremyshyn\desktop\qqalcmm-\qqalcmm-\jogoestrategiapoo\jogoestrategiapoo\sala.h(20): note: 'void Unidades::setOndeEstou(Sala *)': is abstract
  c:\users\dmytro yaremyshyn\desktop\qqalcmm-\qqalcmm-\jogoestrategiapoo\jogoestrategiapoo\unidades.h(11): note: see declaration of 'Unidades::setOndeEstou'
  c:\users\dmytro yaremyshyn\desktop\qqalcmm-\qqalcmm-\jogoestrategiapoo\jogoestrategiapoo\sala.h(20): note: 'std::string Unidades::getNome(void)': is abstract
  c:\users\dmytro yaremyshyn\desktop\qqalcmm-\qqalcmm-\jogoestrategiapoo\jogoestrategiapoo\unidades.h(12): note: see declaration of 'Unidades::getNome'
  c:\users\dmytro yaremyshyn\desktop\qqalcmm-\qqalcmm-\jogoestrategiapoo\jogoestrategiapoo\sala.h(20): note: 'void Unidades::setNome(std::string)': is abstract
  c:\users\dmytro yaremyshyn\desktop\qqalcmm-\qqalcmm-\jogoestrategiapoo\jogoestrategiapoo\unidades.h(13): note: see declaration of 'Unidades::setNome'
c:\users\dmytro yaremyshyn\desktop\qqalcmm-\qqalcmm-\jogoestrategiapoo\jogoestrategiapoo\sala.h(22): error C2259: 'Unidades': cannot instantiate abstract class
  c:\users\dmytro yaremyshyn\desktop\qqalcmm-\qqalcmm-\jogoestrategiapoo\jogoestrategiapoo\sala.h(22): note: due to following members:
  c:\users\dmytro yaremyshyn\desktop\qqalcmm-\qqalcmm-\jogoestrategiapoo\jogoestrategiapoo\sala.h(22): note: 'Sala *Unidades::getOndeEstou(void)': is abstract
  c:\users\dmytro yaremyshyn\desktop\qqalcmm-\qqalcmm-\jogoestrategiapoo\jogoestrategiapoo\unidades.h(10): note: see declaration of 'Unidades::getOndeEstou'
  c:\users\dmytro yaremyshyn\desktop\qqalcmm-\qqalcmm-\jogoestrategiapoo\jogoestrategiapoo\sala.h(22): note: 'void Unidades::setOndeEstou(Sala *)': is abstract
  c:\users\dmytro yaremyshyn\desktop\qqalcmm-\qqalcmm-\jogoestrategiapoo\jogoestrategiapoo\unidades.h(11): note: see declaration of 'Unidades::setOndeEstou'
  c:\users\dmytro yaremyshyn\desktop\qqalcmm-\qqalcmm-\jogoestrategiapoo\jogoestrategiapoo\sala.h(22): note: 'std::string Unidades::getNome(void)': is abstract
  c:\users\dmytro yaremyshyn\desktop\qqalcmm-\qqalcmm-\jogoestrategiapoo\jogoestrategiapoo\unidades.h(12): note: see declaration of 'Unidades::getNome'
  c:\users\dmytro yaremyshyn\desktop\qqalcmm-\qqalcmm-\jogoestrategiapoo\jogoestrategiapoo\sala.h(22): note: 'void Unidades::setNome(std::string)': is abstract
  c:\users\dmytro yaremyshyn\desktop\qqalcmm-\qqalcmm-\jogoestrategiapoo\jogoestrategiapoo\unidades.h(13): note: see declaration of 'Unidades::setNome'
  Pirata.cpp
  Oficina_Robotica.cpp
c:\users\dmytro yaremyshyn\desktop\qqalcmm-\qqalcmm-\jogoestrategiapoo\jogoestrategiapoo\sala.h(20): error C2259: 'Unidades': cannot instantiate abstract class
  c:\users\dmytro yaremyshyn\desktop\qqalcmm-\qqalcmm-\jogoestrategiapoo\jogoestrategiapoo\sala.h(20): note: due to following members:
  c:\users\dmytro yaremyshyn\desktop\qqalcmm-\qqalcmm-\jogoestrategiapoo\jogoestrategiapoo\sala.h(20): note: 'Sala *Unidades::getOndeEstou(void)': is abstract
  c:\users\dmytro yaremyshyn\desktop\qqalcmm-\qqalcmm-\jogoestrategiapoo\jogoestrategiapoo\unidades.h(10): note: see declaration of 'Unidades::getOndeEstou'
  c:\users\dmytro yaremyshyn\desktop\qqalcmm-\qqalcmm-\jogoestrategiapoo\jogoestrategiapoo\sala.h(20): note: 'void Unidades::setOndeEstou(Sala *)': is abstract
  c:\users\dmytro yaremyshyn\desktop\qqalcmm-\qqalcmm-\jogoestrategiapoo\jogoestrategiapoo\unidades.h(11): note: see declaration of 'Unidades::setOndeEstou'
  c:\users\dmytro yaremyshyn\desktop\qqalcmm-\qqalcmm-\jogoestrategiapoo\jogoestrategiapoo\sala.h(20): note: 'std::string Unidades::getNome(void)': is abstract
  c:\users\dmytro yaremyshyn\desktop\qqalcmm-\qqalcmm-\jogoestrategiapoo\jogoestrategiapoo\unidades.h(12): note: see declaration of 'Unidades::getNome'
  c:\users\dmytro yaremyshyn\desktop\qqalcmm-\qqalcmm-\jogoestrategiapoo\jogoestrategiapoo\sala.h(20): note: 'void Unidades::setNome(std::string)': is abstract
  c:\users\dmytro yaremyshyn\desktop\qqalcmm-\qqalcmm-\jogoestrategiapoo\jogoestrategiapoo\unidades.h(13): note: see declaration of 'Unidades::setNome'
c:\users\dmytro yaremyshyn\desktop\qqalcmm-\qqalcmm-\jogoestrategiapoo\jogoestrategiapoo\sala.h(22): error C2259: 'Unidades': cannot instantiate abstract class
  c:\users\dmytro yaremyshyn\desktop\qqalcmm-\qqalcmm-\jogoestrategiapoo\jogoestrategiapoo\sala.h(22): note: due to following members:
  c:\users\dmytro yaremyshyn\desktop\qqalcmm-\qqalcmm-\jogoestrategiapoo\jogoestrategiapoo\sala.h(22): note: 'Sala *Unidades::getOndeEstou(void)': is abstract
  c:\users\dmytro yaremyshyn\desktop\qqalcmm-\qqalcmm-\jogoestrategiapoo\jogoestrategiapoo\unidades.h(10): note: see declaration of 'Unidades::getOndeEstou'
  c:\users\dmytro yaremyshyn\desktop\qqalcmm-\qqalcmm-\jogoestrategiapoo\jogoestrategiapoo\sala.h(22): note: 'void Unidades::setOndeEstou(Sala *)': is abstract
  c:\users\dmytro yaremyshyn\desktop\qqalcmm-\qqalcmm-\jogoestrategiapoo\jogoestrategiapoo\unidades.h(11): note: see declaration of 'Unidades::setOndeEstou'
  c:\users\dmytro yaremyshyn\desktop\qqalcmm-\qqalcmm-\jogoestrategiapoo\jogoestrategiapoo\sala.h(22): note: 'std::string Unidades::getNome(void)': is abstract
  c:\users\dmytro yaremyshyn\desktop\qqalcmm-\qqalcmm-\jogoestrategiapoo\jogoestrategiapoo\unidades.h(12): note: see declaration of 'Unidades::getNome'
  c:\users\dmytro yaremyshyn\desktop\qqalcmm-\qqalcmm-\jogoestrategiapoo\jogoestrategiapoo\sala.h(22): note: 'void Unidades::setNome(std::string)': is abstract
  c:\users\dmytro yaremyshyn\desktop\qqalcmm-\qqalcmm-\jogoestrategiapoo\jogoestrategiapoo\unidades.h(13): note: see declaration of 'Unidades::setNome'
  Mxyzypykwi.cpp
  Interecao.cpp
c:\users\dmytro yaremyshyn\desktop\qqalcmm-\qqalcmm-\jogoestrategiapoo\jogoestrategiapoo\sala.h(20): error C2259: 'Unidades': cannot instantiate abstract class
  c:\users\dmytro yaremyshyn\desktop\qqalcmm-\qqalcmm-\jogoestrategiapoo\jogoestrategiapoo\sala.h(20): note: due to following members:
  c:\users\dmytro yaremyshyn\desktop\qqalcmm-\qqalcmm-\jogoestrategiapoo\jogoestrategiapoo\sala.h(20): note: 'Sala *Unidades::getOndeEstou(void)': is abstract
  c:\users\dmytro yaremyshyn\desktop\qqalcmm-\qqalcmm-\jogoestrategiapoo\jogoestrategiapoo\unidades.h(10): note: see declaration of 'Unidades::getOndeEstou'
  c:\users\dmytro yaremyshyn\desktop\qqalcmm-\qqalcmm-\jogoestrategiapoo\jogoestrategiapoo\sala.h(20): note: 'void Unidades::setOndeEstou(Sala *)': is abstract
  c:\users\dmytro yaremyshyn\desktop\qqalcmm-\qqalcmm-\jogoestrategiapoo\jogoestrategiapoo\unidades.h(11): note: see declaration of 'Unidades::setOndeEstou'
  c:\users\dmytro yaremyshyn\desktop\qqalcmm-\qqalcmm-\jogoestrategiapoo\jogoestrategiapoo\sala.h(20): note: 'std::string Unidades::getNome(void)': is abstract
  c:\users\dmytro yaremyshyn\desktop\qqalcmm-\qqalcmm-\jogoestrategiapoo\jogoestrategiapoo\unidades.h(12): note: see declaration of 'Unidades::getNome'
  c:\users\dmytro yaremyshyn\desktop\qqalcmm-\qqalcmm-\jogoestrategiapoo\jogoestrategiapoo\sala.h(20): note: 'void Unidades::setNome(std::string)': is abstract
  c:\users\dmytro yaremyshyn\desktop\qqalcmm-\qqalcmm-\jogoestrategiapoo\jogoestrategiapoo\unidades.h(13): note: see declaration of 'Unidades::setNome'
c:\users\dmytro yaremyshyn\desktop\qqalcmm-\qqalcmm-\jogoestrategiapoo\jogoestrategiapoo\sala.h(22): error C2259: 'Unidades': cannot instantiate abstract class
  c:\users\dmytro yaremyshyn\desktop\qqalcmm-\qqalcmm-\jogoestrategiapoo\jogoestrategiapoo\sala.h(22): note: due to following members:
  c:\users\dmytro yaremyshyn\desktop\qqalcmm-\qqalcmm-\jogoestrategiapoo\jogoestrategiapoo\sala.h(22): note: 'Sala *Unidades::getOndeEstou(void)': is abstract
  c:\users\dmytro yaremyshyn\desktop\qqalcmm-\qqalcmm-\jogoestrategiapoo\jogoestrategiapoo\unidades.h(10): note: see declaration of 'Unidades::getOndeEstou'
  c:\users\dmytro yaremyshyn\desktop\qqalcmm-\qqalcmm-\jogoestrategiapoo\jogoestrategiapoo\sala.h(22): note: 'void Unidades::setOndeEstou(Sala *)': is abstract
  c:\users\dmytro yaremyshyn\desktop\qqalcmm-\qqalcmm-\jogoestrategiapoo\jogoestrategiapoo\unidades.h(11): note: see declaration of 'Unidades::setOndeEstou'
  c:\users\dmytro yaremyshyn\desktop\qqalcmm-\qqalcmm-\jogoestrategiapoo\jogoestrategiapoo\sala.h(22): note: 'std::string Unidades::getNome(void)': is abstract
  c:\users\dmytro yaremyshyn\desktop\qqalcmm-\qqalcmm-\jogoestrategiapoo\jogoestrategiapoo\unidades.h(12): note: see declaration of 'Unidades::getNome'
  c:\users\dmytro yaremyshyn\desktop\qqalcmm-\qqalcmm-\jogoestrategiapoo\jogoestrategiapoo\sala.h(22): note: 'void Unidades::setNome(std::string)': is abstract
  c:\users\dmytro yaremyshyn\desktop\qqalcmm-\qqalcmm-\jogoestrategiapoo\jogoestrategiapoo\unidades.h(13): note: see declaration of 'Unidades::setNome'
c:\users\dmytro yaremyshyn\desktop\qqalcmm-\qqalcmm-\jogoestrategiapoo\jogoestrategiapoo\interecao.cpp(414): warning C4244: 'argument': conversion from 'time_t' to 'unsigned int', possible loss of data
  Inimigos.cpp
  Geigermorfo.cpp
  Evento.cpp
c:\users\dmytro yaremyshyn\desktop\qqalcmm-\qqalcmm-\jogoestrategiapoo\jogoestrategiapoo\sala.h(20): error C2259: 'Unidades': cannot instantiate abstract class
  c:\users\dmytro yaremyshyn\desktop\qqalcmm-\qqalcmm-\jogoestrategiapoo\jogoestrategiapoo\sala.h(20): note: due to following members:
  c:\users\dmytro yaremyshyn\desktop\qqalcmm-\qqalcmm-\jogoestrategiapoo\jogoestrategiapoo\sala.h(20): note: 'Sala *Unidades::getOndeEstou(void)': is abstract
  c:\users\dmytro yaremyshyn\desktop\qqalcmm-\qqalcmm-\jogoestrategiapoo\jogoestrategiapoo\unidades.h(10): note: see declaration of 'Unidades::getOndeEstou'
  c:\users\dmytro yaremyshyn\desktop\qqalcmm-\qqalcmm-\jogoestrategiapoo\jogoestrategiapoo\sala.h(20): note: 'void Unidades::setOndeEstou(Sala *)': is abstract
  c:\users\dmytro yaremyshyn\desktop\qqalcmm-\qqalcmm-\jogoestrategiapoo\jogoestrategiapoo\unidades.h(11): note: see declaration of 'Unidades::setOndeEstou'
  c:\users\dmytro yaremyshyn\desktop\qqalcmm-\qqalcmm-\jogoestrategiapoo\jogoestrategiapoo\sala.h(20): note: 'std::string Unidades::getNome(void)': is abstract
  c:\users\dmytro yaremyshyn\desktop\qqalcmm-\qqalcmm-\jogoestrategiapoo\jogoestrategiapoo\unidades.h(12): note: see declaration of 'Unidades::getNome'
  c:\users\dmytro yaremyshyn\desktop\qqalcmm-\qqalcmm-\jogoestrategiapoo\jogoestrategiapoo\sala.h(20): note: 'void Unidades::setNome(std::string)': is abstract
  c:\users\dmytro yaremyshyn\desktop\qqalcmm-\qqalcmm-\jogoestrategiapoo\jogoestrategiapoo\unidades.h(13): note: see declaration of 'Unidades::setNome'
c:\users\dmytro yaremyshyn\desktop\qqalcmm-\qqalcmm-\jogoestrategiapoo\jogoestrategiapoo\sala.h(22): error C2259: 'Unidades': cannot instantiate abstract class
  c:\users\dmytro yaremyshyn\desktop\qqalcmm-\qqalcmm-\jogoestrategiapoo\jogoestrategiapoo\sala.h(22): note: due to following members:
  c:\users\dmytro yaremyshyn\desktop\qqalcmm-\qqalcmm-\jogoestrategiapoo\jogoestrategiapoo\sala.h(22): note: 'Sala *Unidades::getOndeEstou(void)': is abstract
  c:\users\dmytro yaremyshyn\desktop\qqalcmm-\qqalcmm-\jogoestrategiapoo\jogoestrategiapoo\unidades.h(10): note: see declaration of 'Unidades::getOndeEstou'
  c:\users\dmytro yaremyshyn\desktop\qqalcmm-\qqalcmm-\jogoestrategiapoo\jogoestrategiapoo\sala.h(22): note: 'void Unidades::setOndeEstou(Sala *)': is abstract
  c:\users\dmytro yaremyshyn\desktop\qqalcmm-\qqalcmm-\jogoestrategiapoo\jogoestrategiapoo\unidades.h(11): note: see declaration of 'Unidades::setOndeEstou'
  c:\users\dmytro yaremyshyn\desktop\qqalcmm-\qqalcmm-\jogoestrategiapoo\jogoestrategiapoo\sala.h(22): note: 'std::string Unidades::getNome(void)': is abstract
  c:\users\dmytro yaremyshyn\desktop\qqalcmm-\qqalcmm-\jogoestrategiapoo\jogoestrategiapoo\unidades.h(12): note: see declaration of 'Unidades::getNome'
  c:\users\dmytro yaremyshyn\desktop\qqalcmm-\qqalcmm-\jogoestrategiapoo\jogoestrategiapoo\sala.h(22): note: 'void Unidades::setNome(std::string)': is abstract
  c:\users\dmytro yaremyshyn\desktop\qqalcmm-\qqalcmm-\jogoestrategiapoo\jogoestrategiapoo\unidades.h(13): note: see declaration of 'Unidades::setNome'
  Generating Code...
  Compiling...
  Enfermaria.cpp
c:\users\dmytro yaremyshyn\desktop\qqalcmm-\qqalcmm-\jogoestrategiapoo\jogoestrategiapoo\sala.h(20): error C2259: 'Unidades': cannot instantiate abstract class
  c:\users\dmytro yaremyshyn\desktop\qqalcmm-\qqalcmm-\jogoestrategiapoo\jogoestrategiapoo\sala.h(20): note: due to following members:
  c:\users\dmytro yaremyshyn\desktop\qqalcmm-\qqalcmm-\jogoestrategiapoo\jogoestrategiapoo\sala.h(20): note: 'Sala *Unidades::getOndeEstou(void)': is abstract
  c:\users\dmytro yaremyshyn\desktop\qqalcmm-\qqalcmm-\jogoestrategiapoo\jogoestrategiapoo\unidades.h(10): note: see declaration of 'Unidades::getOndeEstou'
  c:\users\dmytro yaremyshyn\desktop\qqalcmm-\qqalcmm-\jogoestrategiapoo\jogoestrategiapoo\sala.h(20): note: 'void Unidades::setOndeEstou(Sala *)': is abstract
  c:\users\dmytro yaremyshyn\desktop\qqalcmm-\qqalcmm-\jogoestrategiapoo\jogoestrategiapoo\unidades.h(11): note: see declaration of 'Unidades::setOndeEstou'
  c:\users\dmytro yaremyshyn\desktop\qqalcmm-\qqalcmm-\jogoestrategiapoo\jogoestrategiapoo\sala.h(20): note: 'std::string Unidades::getNome(void)': is abstract
  c:\users\dmytro yaremyshyn\desktop\qqalcmm-\qqalcmm-\jogoestrategiapoo\jogoestrategiapoo\unidades.h(12): note: see declaration of 'Unidades::getNome'
  c:\users\dmytro yaremyshyn\desktop\qqalcmm-\qqalcmm-\jogoestrategiapoo\jogoestrategiapoo\sala.h(20): note: 'void Unidades::setNome(std::string)': is abstract
  c:\users\dmytro yaremyshyn\desktop\qqalcmm-\qqalcmm-\jogoestrategiapoo\jogoestrategiapoo\unidades.h(13): note: see declaration of 'Unidades::setNome'
c:\users\dmytro yaremyshyn\desktop\qqalcmm-\qqalcmm-\jogoestrategiapoo\jogoestrategiapoo\sala.h(22): error C2259: 'Unidades': cannot instantiate abstract class
  c:\users\dmytro yaremyshyn\desktop\qqalcmm-\qqalcmm-\jogoestrategiapoo\jogoestrategiapoo\sala.h(22): note: due to following members:
  c:\users\dmytro yaremyshyn\desktop\qqalcmm-\qqalcmm-\jogoestrategiapoo\jogoestrategiapoo\sala.h(22): note: 'Sala *Unidades::getOndeEstou(void)': is abstract
  c:\users\dmytro yaremyshyn\desktop\qqalcmm-\qqalcmm-\jogoestrategiapoo\jogoestrategiapoo\unidades.h(10): note: see declaration of 'Unidades::getOndeEstou'
  c:\users\dmytro yaremyshyn\desktop\qqalcmm-\qqalcmm-\jogoestrategiapoo\jogoestrategiapoo\sala.h(22): note: 'void Unidades::setOndeEstou(Sala *)': is abstract
  c:\users\dmytro yaremyshyn\desktop\qqalcmm-\qqalcmm-\jogoestrategiapoo\jogoestrategiapoo\unidades.h(11): note: see declaration of 'Unidades::setOndeEstou'
  c:\users\dmytro yaremyshyn\desktop\qqalcmm-\qqalcmm-\jogoestrategiapoo\jogoestrategiapoo\sala.h(22): note: 'std::string Unidades::getNome(void)': is abstract
  c:\users\dmytro yaremyshyn\desktop\qqalcmm-\qqalcmm-\jogoestrategiapoo\jogoestrategiapoo\unidades.h(12): note: see declaration of 'Unidades::getNome'
  c:\users\dmytro yaremyshyn\desktop\qqalcmm-\qqalcmm-\jogoestrategiapoo\jogoestrategiapoo\sala.h(22): note: 'void Unidades::setNome(std::string)': is abstract
  c:\users\dmytro yaremyshyn\desktop\qqalcmm-\qqalcmm-\jogoestrategiapoo\jogoestrategiapoo\unidades.h(13): note: see declaration of 'Unidades::setNome'
  Controlo_Escudo.cpp
c:\users\dmytro yaremyshyn\desktop\qqalcmm-\qqalcmm-\jogoestrategiapoo\jogoestrategiapoo\sala.h(20): error C2259: 'Unidades': cannot instantiate abstract class
  c:\users\dmytro yaremyshyn\desktop\qqalcmm-\qqalcmm-\jogoestrategiapoo\jogoestrategiapoo\sala.h(20): note: due to following members:
  c:\users\dmytro yaremyshyn\desktop\qqalcmm-\qqalcmm-\jogoestrategiapoo\jogoestrategiapoo\sala.h(20): note: 'Sala *Unidades::getOndeEstou(void)': is abstract
  c:\users\dmytro yaremyshyn\desktop\qqalcmm-\qqalcmm-\jogoestrategiapoo\jogoestrategiapoo\unidades.h(10): note: see declaration of 'Unidades::getOndeEstou'
  c:\users\dmytro yaremyshyn\desktop\qqalcmm-\qqalcmm-\jogoestrategiapoo\jogoestrategiapoo\sala.h(20): note: 'void Unidades::setOndeEstou(Sala *)': is abstract
  c:\users\dmytro yaremyshyn\desktop\qqalcmm-\qqalcmm-\jogoestrategiapoo\jogoestrategiapoo\unidades.h(11): note: see declaration of 'Unidades::setOndeEstou'
  c:\users\dmytro yaremyshyn\desktop\qqalcmm-\qqalcmm-\jogoestrategiapoo\jogoestrategiapoo\sala.h(20): note: 'std::string Unidades::getNome(void)': is abstract
  c:\users\dmytro yaremyshyn\desktop\qqalcmm-\qqalcmm-\jogoestrategiapoo\jogoestrategiapoo\unidades.h(12): note: see declaration of 'Unidades::getNome'
  c:\users\dmytro yaremyshyn\desktop\qqalcmm-\qqalcmm-\jogoestrategiapoo\jogoestrategiapoo\sala.h(20): note: 'void Unidades::setNome(std::string)': is abstract
  c:\users\dmytro yaremyshyn\desktop\qqalcmm-\qqalcmm-\jogoestrategiapoo\jogoestrategiapoo\unidades.h(13): note: see declaration of 'Unidades::setNome'
c:\users\dmytro yaremyshyn\desktop\qqalcmm-\qqalcmm-\jogoestrategiapoo\jogoestrategiapoo\sala.h(22): error C2259: 'Unidades': cannot instantiate abstract class
  c:\users\dmytro yaremyshyn\desktop\qqalcmm-\qqalcmm-\jogoestrategiapoo\jogoestrategiapoo\sala.h(22): note: due to following members:
  c:\users\dmytro yaremyshyn\desktop\qqalcmm-\qqalcmm-\jogoestrategiapoo\jogoestrategiapoo\sala.h(22): note: 'Sala *Unidades::getOndeEstou(void)': is abstract
  c:\users\dmytro yaremyshyn\desktop\qqalcmm-\qqalcmm-\jogoestrategiapoo\jogoestrategiapoo\unidades.h(10): note: see declaration of 'Unidades::getOndeEstou'
  c:\users\dmytro yaremyshyn\desktop\qqalcmm-\qqalcmm-\jogoestrategiapoo\jogoestrategiapoo\sala.h(22): note: 'void Unidades::setOndeEstou(Sala *)': is abstract
  c:\users\dmytro yaremyshyn\desktop\qqalcmm-\qqalcmm-\jogoestrategiapoo\jogoestrategiapoo\unidades.h(11): note: see declaration of 'Unidades::setOndeEstou'
  c:\users\dmytro yaremyshyn\desktop\qqalcmm-\qqalcmm-\jogoestrategiapoo\jogoestrategiapoo\sala.h(22): note: 'std::string Unidades::getNome(void)': is abstract
  c:\users\dmytro yaremyshyn\desktop\qqalcmm-\qqalcmm-\jogoestrategiapoo\jogoestrategiapoo\unidades.h(12): note: see declaration of 'Unidades::getNome'
  c:\users\dmytro yaremyshyn\desktop\qqalcmm-\qqalcmm-\jogoestrategiapoo\jogoestrategiapoo\sala.h(22): note: 'void Unidades::setNome(std::string)': is abstract
  c:\users\dmytro yaremyshyn\desktop\qqalcmm-\qqalcmm-\jogoestrategiapoo\jogoestrategiapoo\unidades.h(13): note: see declaration of 'Unidades::setNome'
  Casulo_Geigermorfo.cpp
  Caracteristicas.cpp
  Capitao.cpp
  CampoCosmico.cpp
c:\users\dmytro yaremyshyn\desktop\qqalcmm-\qqalcmm-\jogoestrategiapoo\jogoestrategiapoo\sala.h(20): error C2259: 'Unidades': cannot instantiate abstract class
  c:\users\dmytro yaremyshyn\desktop\qqalcmm-\qqalcmm-\jogoestrategiapoo\jogoestrategiapoo\sala.h(20): note: due to following members:
  c:\users\dmytro yaremyshyn\desktop\qqalcmm-\qqalcmm-\jogoestrategiapoo\jogoestrategiapoo\sala.h(20): note: 'Sala *Unidades::getOndeEstou(void)': is abstract
  c:\users\dmytro yaremyshyn\desktop\qqalcmm-\qqalcmm-\jogoestrategiapoo\jogoestrategiapoo\unidades.h(10): note: see declaration of 'Unidades::getOndeEstou'
  c:\users\dmytro yaremyshyn\desktop\qqalcmm-\qqalcmm-\jogoestrategiapoo\jogoestrategiapoo\sala.h(20): note: 'void Unidades::setOndeEstou(Sala *)': is abstract
  c:\users\dmytro yaremyshyn\desktop\qqalcmm-\qqalcmm-\jogoestrategiapoo\jogoestrategiapoo\unidades.h(11): note: see declaration of 'Unidades::setOndeEstou'
  c:\users\dmytro yaremyshyn\desktop\qqalcmm-\qqalcmm-\jogoestrategiapoo\jogoestrategiapoo\sala.h(20): note: 'std::string Unidades::getNome(void)': is abstract
  c:\users\dmytro yaremyshyn\desktop\qqalcmm-\qqalcmm-\jogoestrategiapoo\jogoestrategiapoo\unidades.h(12): note: see declaration of 'Unidades::getNome'
  c:\users\dmytro yaremyshyn\desktop\qqalcmm-\qqalcmm-\jogoestrategiapoo\jogoestrategiapoo\sala.h(20): note: 'void Unidades::setNome(std::string)': is abstract
  c:\users\dmytro yaremyshyn\desktop\qqalcmm-\qqalcmm-\jogoestrategiapoo\jogoestrategiapoo\unidades.h(13): note: see declaration of 'Unidades::setNome'
c:\users\dmytro yaremyshyn\desktop\qqalcmm-\qqalcmm-\jogoestrategiapoo\jogoestrategiapoo\sala.h(22): error C2259: 'Unidades': cannot instantiate abstract class
  c:\users\dmytro yaremyshyn\desktop\qqalcmm-\qqalcmm-\jogoestrategiapoo\jogoestrategiapoo\sala.h(22): note: due to following members:
  c:\users\dmytro yaremyshyn\desktop\qqalcmm-\qqalcmm-\jogoestrategiapoo\jogoestrategiapoo\sala.h(22): note: 'Sala *Unidades::getOndeEstou(void)': is abstract
  c:\users\dmytro yaremyshyn\desktop\qqalcmm-\qqalcmm-\jogoestrategiapoo\jogoestrategiapoo\unidades.h(10): note: see declaration of 'Unidades::getOndeEstou'
  c:\users\dmytro yaremyshyn\desktop\qqalcmm-\qqalcmm-\jogoestrategiapoo\jogoestrategiapoo\sala.h(22): note: 'void Unidades::setOndeEstou(Sala *)': is abstract
  c:\users\dmytro yaremyshyn\desktop\qqalcmm-\qqalcmm-\jogoestrategiapoo\jogoestrategiapoo\unidades.h(11): note: see declaration of 'Unidades::setOndeEstou'
  c:\users\dmytro yaremyshyn\desktop\qqalcmm-\qqalcmm-\jogoestrategiapoo\jogoestrategiapoo\sala.h(22): note: 'std::string Unidades::getNome(void)': is abstract
  c:\users\dmytro yaremyshyn\desktop\qqalcmm-\qqalcmm-\jogoestrategiapoo\jogoestrategiapoo\unidades.h(12): note: see declaration of 'Unidades::getNome'
  c:\users\dmytro yaremyshyn\desktop\qqalcmm-\qqalcmm-\jogoestrategiapoo\jogoestrategiapoo\sala.h(22): note: 'void Unidades::setNome(std::string)': is abstract
  c:\users\dmytro yaremyshyn\desktop\qqalcmm-\qqalcmm-\jogoestrategiapoo\jogoestrategiapoo\unidades.h(13): note: see declaration of 'Unidades::setNome'
c:\users\dmytro yaremyshyn\desktop\qqalcmm-\qqalcmm-\jogoestrategiapoo\jogoestrategiapoo\campocosmico.cpp(11): warning C4244: 'argument': conversion from 'time_t' to 'unsigned int', possible loss of data
c:\users\dmytro yaremyshyn\desktop\qqalcmm-\qqalcmm-\jogoestrategiapoo\jogoestrategiapoo\campocosmico.cpp(18): warning C4244: 'argument': conversion from 'time_t' to 'unsigned int', possible loss of data
  Generating Code...
