c:\users\pedro camacho\documents\github\qqalcmm-\jogoestrategiapoo\jogoestrategiapoo\debug\vc140.pdb
c:\users\pedro camacho\documents\github\qqalcmm-\jogoestrategiapoo\jogoestrategiapoo\debug\vc140.idb
c:\users\pedro camacho\documents\github\qqalcmm-\jogoestrategiapoo\jogoestrategiapoo\debug\campocosmico.obj
c:\users\pedro camacho\documents\github\qqalcmm-\jogoestrategiapoo\jogoestrategiapoo\debug\chuvameteoritos.obj
c:\users\pedro camacho\documents\github\qqalcmm-\jogoestrategiapoo\jogoestrategiapoo\debug\consola.obj
c:\users\pedro camacho\documents\github\qqalcmm-\jogoestrategiapoo\jogoestrategiapoo\debug\controlo_escudo.obj
c:\users\pedro camacho\documents\github\qqalcmm-\jogoestrategiapoo\jogoestrategiapoo\debug\enfermaria.obj
c:\users\pedro camacho\documents\github\qqalcmm-\jogoestrategiapoo\jogoestrategiapoo\debug\evento.obj
c:\users\pedro camacho\documents\github\qqalcmm-\jogoestrategiapoo\jogoestrategiapoo\debug\interecao.obj
c:\users\pedro camacho\documents\github\qqalcmm-\jogoestrategiapoo\jogoestrategiapoo\debug\main.obj
c:\users\pedro camacho\documents\github\qqalcmm-\jogoestrategiapoo\jogoestrategiapoo\debug\oficina_robotica.obj
c:\users\pedro camacho\documents\github\qqalcmm-\jogoestrategiapoo\jogoestrategiapoo\debug\ponte.obj
c:\users\pedro camacho\documents\github\qqalcmm-\jogoestrategiapoo\jogoestrategiapoo\debug\propulsor.obj
c:\users\pedro camacho\documents\github\qqalcmm-\jogoestrategiapoo\jogoestrategiapoo\debug\propulsor_adicional.obj
c:\users\pedro camacho\documents\github\qqalcmm-\jogoestrategiapoo\jogoestrategiapoo\debug\raio_laser.obj
c:\users\pedro camacho\documents\github\qqalcmm-\jogoestrategiapoo\jogoestrategiapoo\debug\sala.obj
c:\users\pedro camacho\documents\github\qqalcmm-\jogoestrategiapoo\jogoestrategiapoo\debug\sala_armas.obj
c:\users\pedro camacho\documents\github\qqalcmm-\jogoestrategiapoo\jogoestrategiapoo\debug\sala_maquinas.obj
c:\users\pedro camacho\documents\github\qqalcmm-\jogoestrategiapoo\jogoestrategiapoo\debug\alojamento_capitao.obj
c:\users\pedro camacho\documents\github\qqalcmm-\jogoestrategiapoo\jogoestrategiapoo\debug\ataquepiratas.obj
c:\users\pedro camacho\documents\github\qqalcmm-\jogoestrategiapoo\jogoestrategiapoo\debug\ataquexenomorfo.obj
c:\users\pedro camacho\documents\github\qqalcmm-\jogoestrategiapoo\jogoestrategiapoo\debug\auto_reparador.obj
c:\users\pedro camacho\documents\github\qqalcmm-\jogoestrategiapoo\jogoestrategiapoo\debug\beliche.obj
c:\users\pedro camacho\documents\github\qqalcmm-\jogoestrategiapoo\jogoestrategiapoo\debug\jogo.obj
c:\users\pedro camacho\documents\github\qqalcmm-\jogoestrategiapoo\jogoestrategiapoo\debug\sistema_seguranca_interno.obj
c:\users\pedro camacho\documents\github\qqalcmm-\jogoestrategiapoo\jogoestrategiapoo\debug\suporte_vida.obj
c:\users\pedro camacho\documents\github\qqalcmm-\jogoestrategiapoo\jogoestrategiapoo\debug\tripulacao.obj
c:\users\pedro camacho\documents\github\qqalcmm-\jogoestrategiapoo\jogoestrategiapoo\debug\vc120.idb
c:\users\pedro camacho\documents\github\qqalcmm-\jogoestrategiapoo\jogoestrategiapoo\debug\vc120.pdb
c:\users\pedro camacho\documents\github\qqalcmm-\jogoestrategiapoo\debug\jogoestrategiapoo.pdb
c:\users\pedro camacho\documents\github\qqalcmm-\jogoestrategiapoo\debug\jogoestrategiapoo.exe
c:\users\pedro camacho\documents\github\qqalcmm-\jogoestrategiapoo\debug\jogoestrategiapoo.ilk
c:\users\pedro camacho\documents\github\qqalcmm-\jogoestrategiapoo\jogoestrategiapoo\debug\jogoestr.995f1c95.tlog\cl.command.1.tlog
c:\users\pedro camacho\documents\github\qqalcmm-\jogoestrategiapoo\jogoestrategiapoo\debug\jogoestr.995f1c95.tlog\cl.read.1.tlog
c:\users\pedro camacho\documents\github\qqalcmm-\jogoestrategiapoo\jogoestrategiapoo\debug\jogoestr.995f1c95.tlog\cl.write.1.tlog
c:\users\pedro camacho\documents\github\qqalcmm-\jogoestrategiapoo\jogoestrategiapoo\debug\jogoestr.995f1c95.tlog\link.command.1.tlog
c:\users\pedro camacho\documents\github\qqalcmm-\jogoestrategiapoo\jogoestrategiapoo\debug\jogoestr.995f1c95.tlog\link.read.1.tlog
c:\users\pedro camacho\documents\github\qqalcmm-\jogoestrategiapoo\jogoestrategiapoo\debug\jogoestr.995f1c95.tlog\link.write.1.tlog
